sip_vc707_mac_engine_sgmii.vhd
sip_vc707_mac_engine_sgmii_v7_vivado.vposttcl
..\vhdl\brd_packet_engine.vhd
..\vhdl\brd_clocks.vhd
..\vhdl\eth_mdio.vhd
..\vhdl\ge_mac_stream.vhd
..\vhdl\gmii_eth_rx_stream.vhd
..\vhdl\crc32.v
..\vhdl\eth_filter.vhd
..\vhdl\eth_rx_crc.v
..\vhdl\eth_rx_stream_buf.vhd
..\vhdl\eth_tx_crc.v
..\vhdl\v7\vivado\mac_engine.vhd
..\vhdl\v7\vivado\gig_eth_gt_common.vhd
..\vhdl\v7\gmii_eth_tx_stream.vhd
..\vhdl\v7\xilinx\vivado\pll0.xci
..\vhdl\v7\xilinx\vivado\fifo_64_to_8.xci
..\vhdl\v7\xilinx\vivado\afifo.xci
..\vhdl\v7\xilinx\vivado\gig_ethernet_pcs_pma_1.xci
..\vhdl\rst_gen.vhd
