INFO: [VRFC 10-2263] Analyzing Verilog file "C:/4dsp_test/527_vc707_fmc216/output/vc707_fmc216_vivado/vivado/vc707_fmc216_vivado.sim/sim_1/synth/func/xsim/glbl.v" into library xil_defaultlib
INFO: [VRFC 10-311] analyzing module glbl
INFO: [VRFC 10-163] Analyzing VHDL file "C:/4dsp_test/527_vc707_fmc216/output/vc707_fmc216_vivado/vivado/vc707_fmc216_vivado.sim/sim_1/synth/func/xsim/testbench_func_synth.vhd" into library xil_defaultlib
INFO: [VRFC 10-3107] analyzing entity 'afifo_xpm_cdc_gray'
INFO: [VRFC 10-3107] analyzing entity '\afifo_xpm_cdc_gray__2\'
INFO: [VRFC 10-3107] analyzing entity 'crc_32'
INFO: [VRFC 10-3107] analyzing entity '\crc_32__1\'
INFO: [VRFC 10-3107] analyzing entity 'dac3283_wfm_output_fifo_xpm_cdc_async_rst'
INFO: [VRFC 10-3107] analyzing entity '\dac3283_wfm_output_fifo_xpm_cdc_async_rst__1\'
INFO: [VRFC 10-3107] analyzing entity 'dac3283_wfm_output_fifo_xpm_cdc_gray'
INFO: [VRFC 10-3107] analyzing entity '\dac3283_wfm_output_fifo_xpm_cdc_gray__2\'
INFO: [VRFC 10-3107] analyzing entity 'dac3283_wfm_output_fifo_xpm_cdc_single'
INFO: [VRFC 10-3107] analyzing entity '\dac3283_wfm_output_fifo_xpm_cdc_single__2\'
INFO: [VRFC 10-3107] analyzing entity 'dac38j84_jesd'
INFO: [VRFC 10-3107] analyzing entity '\dac38j84_jesd__1\'
INFO: [VRFC 10-3107] analyzing entity '\dac38j84_jesd__2\'
INFO: [VRFC 10-3107] analyzing entity '\dac38j84_jesd__3\'
INFO: [VRFC 10-3107] analyzing entity '\dac38j84_jesd__4\'
INFO: [VRFC 10-3107] analyzing entity '\dac38j84_jesd__5\'
INFO: [VRFC 10-3107] analyzing entity '\dac38j84_jesd__6\'
INFO: [VRFC 10-3107] analyzing entity '\dac38j84_jesd__7\'
INFO: [VRFC 10-3107] analyzing entity 'eth_filter'
INFO: [VRFC 10-3107] analyzing entity 'eth_mdio'
INFO: [VRFC 10-3107] analyzing entity 'fifo_64_to_8_xpm_cdc_async_rst'
INFO: [VRFC 10-3107] analyzing entity '\fifo_64_to_8_xpm_cdc_async_rst__1\'
INFO: [VRFC 10-3107] analyzing entity 'fifo_64_to_8_xpm_cdc_gray'
INFO: [VRFC 10-3107] analyzing entity '\fifo_64_to_8_xpm_cdc_gray__parameterized1\'
INFO: [VRFC 10-3107] analyzing entity 'fifo_64_to_8_xpm_cdc_single'
INFO: [VRFC 10-3107] analyzing entity '\fifo_64_to_8_xpm_cdc_single__2\'
INFO: [VRFC 10-3107] analyzing entity 'gig_eth_gt_common'
INFO: [VRFC 10-3107] analyzing entity 'gig_ethernet_pcs_pma_1_GTWIZARD_GT'
INFO: [VRFC 10-3107] analyzing entity 'gig_ethernet_pcs_pma_1_cpll_railing'
INFO: [VRFC 10-3107] analyzing entity 'gig_ethernet_pcs_pma_1_johnson_cntr'
INFO: [VRFC 10-3107] analyzing entity 'gig_ethernet_pcs_pma_1_johnson_cntr_33'
INFO: [VRFC 10-3107] analyzing entity 'gig_ethernet_pcs_pma_1_reset_sync'
INFO: [VRFC 10-3107] analyzing entity 'gig_ethernet_pcs_pma_1_reset_sync_1'
INFO: [VRFC 10-3107] analyzing entity 'gig_ethernet_pcs_pma_1_reset_sync_2'
INFO: [VRFC 10-3107] analyzing entity 'gig_ethernet_pcs_pma_1_reset_sync_3'
INFO: [VRFC 10-3107] analyzing entity 'gig_ethernet_pcs_pma_1_reset_sync_30'
INFO: [VRFC 10-3107] analyzing entity 'gig_ethernet_pcs_pma_1_reset_wtd_timer'
INFO: [VRFC 10-3107] analyzing entity 'gig_ethernet_pcs_pma_1_rx_rate_adapt'
INFO: [VRFC 10-3107] analyzing entity 'gig_ethernet_pcs_pma_1_sync_block'
INFO: [VRFC 10-3107] analyzing entity 'gig_ethernet_pcs_pma_1_sync_block_10'
INFO: [VRFC 10-3107] analyzing entity 'gig_ethernet_pcs_pma_1_sync_block_11'
INFO: [VRFC 10-3107] analyzing entity 'gig_ethernet_pcs_pma_1_sync_block_12'
INFO: [VRFC 10-3107] analyzing entity 'gig_ethernet_pcs_pma_1_sync_block_13'
INFO: [VRFC 10-3107] analyzing entity 'gig_ethernet_pcs_pma_1_sync_block_14'
INFO: [VRFC 10-3107] analyzing entity 'gig_ethernet_pcs_pma_1_sync_block_15'
INFO: [VRFC 10-3107] analyzing entity 'gig_ethernet_pcs_pma_1_sync_block_16'
INFO: [VRFC 10-3107] analyzing entity 'gig_ethernet_pcs_pma_1_sync_block_31'
INFO: [VRFC 10-3107] analyzing entity 'gig_ethernet_pcs_pma_1_sync_block_32'
INFO: [VRFC 10-3107] analyzing entity 'gig_ethernet_pcs_pma_1_sync_block_5'
INFO: [VRFC 10-3107] analyzing entity 'gig_ethernet_pcs_pma_1_sync_block_6'
INFO: [VRFC 10-3107] analyzing entity 'gig_ethernet_pcs_pma_1_sync_block_7'
INFO: [VRFC 10-3107] analyzing entity 'gig_ethernet_pcs_pma_1_sync_block_8'
INFO: [VRFC 10-3107] analyzing entity 'gig_ethernet_pcs_pma_1_sync_block_9'
INFO: [VRFC 10-3107] analyzing entity '\gig_ethernet_pcs_pma_1_sync_block__parameterized1\'
INFO: [VRFC 10-3107] analyzing entity '\gig_ethernet_pcs_pma_1_sync_block__parameterized1_0\'
INFO: [VRFC 10-3107] analyzing entity '\gig_ethernet_pcs_pma_1_sync_block__parameterized1_17\'
INFO: [VRFC 10-3107] analyzing entity '\gig_ethernet_pcs_pma_1_sync_block__parameterized1_18\'
INFO: [VRFC 10-3107] analyzing entity '\gig_ethernet_pcs_pma_1_sync_block__parameterized1_19\'
INFO: [VRFC 10-3107] analyzing entity '\gig_ethernet_pcs_pma_1_sync_block__parameterized1_20\'
INFO: [VRFC 10-3107] analyzing entity '\gig_ethernet_pcs_pma_1_sync_block__parameterized1_21\'
INFO: [VRFC 10-3107] analyzing entity '\gig_ethernet_pcs_pma_1_sync_block__parameterized1_22\'
INFO: [VRFC 10-3107] analyzing entity '\gig_ethernet_pcs_pma_1_sync_block__parameterized1_23\'
INFO: [VRFC 10-3107] analyzing entity '\gig_ethernet_pcs_pma_1_sync_block__parameterized1_24\'
INFO: [VRFC 10-3107] analyzing entity '\gig_ethernet_pcs_pma_1_sync_block__parameterized1_25\'
INFO: [VRFC 10-3107] analyzing entity '\gig_ethernet_pcs_pma_1_sync_block__parameterized1_26\'
INFO: [VRFC 10-3107] analyzing entity '\gig_ethernet_pcs_pma_1_sync_block__parameterized1_27\'
INFO: [VRFC 10-3107] analyzing entity '\gig_ethernet_pcs_pma_1_sync_block__parameterized1_28\'
INFO: [VRFC 10-3107] analyzing entity '\gig_ethernet_pcs_pma_1_sync_block__parameterized1_29\'
INFO: [VRFC 10-3107] analyzing entity '\gig_ethernet_pcs_pma_1_sync_block__parameterized1_4\'
INFO: [VRFC 10-3107] analyzing entity 'gig_ethernet_pcs_pma_1_tx_rate_adapt'
INFO: [VRFC 10-3107] analyzing entity 'gmii_eth_tx_stream'
INFO: [VRFC 10-3107] analyzing entity 'i2c_master_bit_ctrl'
INFO: [VRFC 10-3107] analyzing entity 'pll0_clk_wiz'
INFO: [VRFC 10-3107] analyzing entity '\pulse2pulse__1\'
INFO: [VRFC 10-3107] analyzing entity '\pulse2pulse__11\'
INFO: [VRFC 10-3107] analyzing entity '\pulse2pulse__12\'
INFO: [VRFC 10-3107] analyzing entity '\pulse2pulse__13\'
INFO: [VRFC 10-3107] analyzing entity '\pulse2pulse__14\'
INFO: [VRFC 10-3107] analyzing entity '\pulse2pulse__15\'
INFO: [VRFC 10-3107] analyzing entity '\pulse2pulse__16\'
INFO: [VRFC 10-3107] analyzing entity '\pulse2pulse__17\'
INFO: [VRFC 10-3107] analyzing entity '\pulse2pulse__2\'
INFO: [VRFC 10-3107] analyzing entity '\pulse2pulse__29\'
INFO: [VRFC 10-3107] analyzing entity '\pulse2pulse__3\'
INFO: [VRFC 10-3107] analyzing entity '\pulse2pulse__30\'
INFO: [VRFC 10-3107] analyzing entity '\pulse2pulse__31\'
INFO: [VRFC 10-3107] analyzing entity '\pulse2pulse__35\'
INFO: [VRFC 10-3107] analyzing entity '\pulse2pulse__36\'
INFO: [VRFC 10-3107] analyzing entity '\pulse2pulse__5\'
INFO: [VRFC 10-3107] analyzing entity '\pulse2pulse__6\'
INFO: [VRFC 10-3107] analyzing entity '\pulse2pulse__7\'
INFO: [VRFC 10-3107] analyzing entity '\pulse2pulse__8\'
INFO: [VRFC 10-3107] analyzing entity '\pulse2pulse__9\'
INFO: [VRFC 10-3107] analyzing entity '\pulse2pulse__parameterized1__16\'
INFO: [VRFC 10-3107] analyzing entity '\pulse2pulse__parameterized1__17\'
INFO: [VRFC 10-3107] analyzing entity '\pulse2pulse__parameterized1__19\'
INFO: [VRFC 10-3107] analyzing entity '\pulse2pulse__parameterized1__20\'
INFO: [VRFC 10-3107] analyzing entity '\pulse2pulse__parameterized1__22\'
INFO: [VRFC 10-3107] analyzing entity '\pulse2pulse__parameterized1__23\'
INFO: [VRFC 10-3107] analyzing entity '\pulse2pulse__parameterized1__25\'
INFO: [VRFC 10-3107] analyzing entity '\pulse2pulse__parameterized1__26\'
INFO: [VRFC 10-3107] analyzing entity '\pulse2pulse__parameterized1__28\'
INFO: [VRFC 10-3107] analyzing entity '\pulse2pulse__parameterized1__29\'
INFO: [VRFC 10-3107] analyzing entity '\pulse2pulse__parameterized1__31\'
INFO: [VRFC 10-3107] analyzing entity '\pulse2pulse__parameterized1__32\'
INFO: [VRFC 10-3107] analyzing entity '\pulse2pulse__parameterized1__34\'
INFO: [VRFC 10-3107] analyzing entity '\pulse2pulse__parameterized1__35\'
INFO: [VRFC 10-3107] analyzing entity '\pulse2pulse__parameterized1__37\'
INFO: [VRFC 10-3107] analyzing entity '\pulse2pulse__parameterized1__38\'
INFO: [VRFC 10-3107] analyzing entity '\pulse2pulse__parameterized1__40\'
INFO: [VRFC 10-3107] analyzing entity '\pulse2pulse__parameterized1__41\'
INFO: [VRFC 10-3107] analyzing entity '\pulse2pulse__parameterized1__43\'
INFO: [VRFC 10-3107] analyzing entity '\pulse2pulse__parameterized1__44\'
INFO: [VRFC 10-3107] analyzing entity '\pulse2pulse__parameterized1__46\'
INFO: [VRFC 10-3107] analyzing entity '\pulse2pulse__parameterized1__47\'
INFO: [VRFC 10-3107] analyzing entity '\pulse2pulse__parameterized1__49\'
INFO: [VRFC 10-3107] analyzing entity '\pulse2pulse__parameterized1__50\'
INFO: [VRFC 10-3107] analyzing entity '\pulse2pulse__parameterized1__52\'
INFO: [VRFC 10-3107] analyzing entity '\pulse2pulse__parameterized1__53\'
INFO: [VRFC 10-3107] analyzing entity '\pulse2pulse__parameterized1__55\'
INFO: [VRFC 10-3107] analyzing entity '\pulse2pulse__parameterized1__56\'
INFO: [VRFC 10-3107] analyzing entity '\pulse2pulse__parameterized1__58\'
INFO: [VRFC 10-3107] analyzing entity '\pulse2pulse__parameterized1__59\'
INFO: [VRFC 10-3107] analyzing entity '\pulse2pulse__parameterized1__61\'
INFO: [VRFC 10-3107] analyzing entity '\pulse2pulse__parameterized1__62\'
INFO: [VRFC 10-3107] analyzing entity 'rst_gen'
INFO: [VRFC 10-3107] analyzing entity 'sip_cmd12_mux'
INFO: [VRFC 10-3107] analyzing entity 'wfm_output_fifo_xpm_cdc_async_rst'
INFO: [VRFC 10-3107] analyzing entity '\wfm_output_fifo_xpm_cdc_async_rst__1\'
INFO: [VRFC 10-3107] analyzing entity 'wfm_output_fifo_xpm_cdc_gray'
INFO: [VRFC 10-3107] analyzing entity '\wfm_output_fifo_xpm_cdc_gray__parameterized1\'
INFO: [VRFC 10-3107] analyzing entity 'wfm_output_fifo_xpm_cdc_single'
INFO: [VRFC 10-3107] analyzing entity '\wfm_output_fifo_xpm_cdc_single__2\'
INFO: [VRFC 10-3107] analyzing entity 'xcvr_fmc216_GT'
INFO: [VRFC 10-3107] analyzing entity 'xcvr_fmc216_GT_15'
INFO: [VRFC 10-3107] analyzing entity 'xcvr_fmc216_GT_16'
INFO: [VRFC 10-3107] analyzing entity 'xcvr_fmc216_GT_17'
INFO: [VRFC 10-3107] analyzing entity 'xcvr_fmc216_GT_18'
INFO: [VRFC 10-3107] analyzing entity 'xcvr_fmc216_GT_19'
INFO: [VRFC 10-3107] analyzing entity 'xcvr_fmc216_GT_20'
INFO: [VRFC 10-3107] analyzing entity 'xcvr_fmc216_GT_21'
INFO: [VRFC 10-3107] analyzing entity 'xcvr_fmc216_GT_USRCLK_SOURCE'
INFO: [VRFC 10-3107] analyzing entity 'xcvr_fmc216_common'
INFO: [VRFC 10-3107] analyzing entity 'xcvr_fmc216_common_0'
INFO: [VRFC 10-3107] analyzing entity 'xcvr_fmc216_common_reset'
INFO: [VRFC 10-3107] analyzing entity 'xcvr_fmc216_sync_block'
INFO: [VRFC 10-3107] analyzing entity 'xcvr_fmc216_sync_block_100'
INFO: [VRFC 10-3107] analyzing entity 'xcvr_fmc216_sync_block_101'
INFO: [VRFC 10-3107] analyzing entity 'xcvr_fmc216_sync_block_102'
INFO: [VRFC 10-3107] analyzing entity 'xcvr_fmc216_sync_block_103'
INFO: [VRFC 10-3107] analyzing entity 'xcvr_fmc216_sync_block_104'
INFO: [VRFC 10-3107] analyzing entity 'xcvr_fmc216_sync_block_105'
INFO: [VRFC 10-3107] analyzing entity 'xcvr_fmc216_sync_block_106'
INFO: [VRFC 10-3107] analyzing entity 'xcvr_fmc216_sync_block_107'
INFO: [VRFC 10-3107] analyzing entity 'xcvr_fmc216_sync_block_108'
INFO: [VRFC 10-3107] analyzing entity 'xcvr_fmc216_sync_block_109'
INFO: [VRFC 10-3107] analyzing entity 'xcvr_fmc216_sync_block_110'
INFO: [VRFC 10-3107] analyzing entity 'xcvr_fmc216_sync_block_111'
INFO: [VRFC 10-3107] analyzing entity 'xcvr_fmc216_sync_block_112'
INFO: [VRFC 10-3107] analyzing entity 'xcvr_fmc216_sync_block_113'
INFO: [VRFC 10-3107] analyzing entity 'xcvr_fmc216_sync_block_114'
INFO: [VRFC 10-3107] analyzing entity 'xcvr_fmc216_sync_block_115'
INFO: [VRFC 10-3107] analyzing entity 'xcvr_fmc216_sync_block_116'
INFO: [VRFC 10-3107] analyzing entity 'xcvr_fmc216_sync_block_117'
INFO: [VRFC 10-3107] analyzing entity 'xcvr_fmc216_sync_block_118'
INFO: [VRFC 10-3107] analyzing entity 'xcvr_fmc216_sync_block_119'
INFO: [VRFC 10-3107] analyzing entity 'xcvr_fmc216_sync_block_120'
INFO: [VRFC 10-3107] analyzing entity 'xcvr_fmc216_sync_block_121'
INFO: [VRFC 10-3107] analyzing entity 'xcvr_fmc216_sync_block_122'
INFO: [VRFC 10-3107] analyzing entity 'xcvr_fmc216_sync_block_123'
INFO: [VRFC 10-3107] analyzing entity 'xcvr_fmc216_sync_block_124'
INFO: [VRFC 10-3107] analyzing entity 'xcvr_fmc216_sync_block_22'
INFO: [VRFC 10-3107] analyzing entity 'xcvr_fmc216_sync_block_23'
INFO: [VRFC 10-3107] analyzing entity 'xcvr_fmc216_sync_block_24'
INFO: [VRFC 10-3107] analyzing entity 'xcvr_fmc216_sync_block_25'
INFO: [VRFC 10-3107] analyzing entity 'xcvr_fmc216_sync_block_26'
INFO: [VRFC 10-3107] analyzing entity 'xcvr_fmc216_sync_block_27'
INFO: [VRFC 10-3107] analyzing entity 'xcvr_fmc216_sync_block_28'
INFO: [VRFC 10-3107] analyzing entity 'xcvr_fmc216_sync_block_29'
INFO: [VRFC 10-3107] analyzing entity 'xcvr_fmc216_sync_block_30'
INFO: [VRFC 10-3107] analyzing entity 'xcvr_fmc216_sync_block_31'
INFO: [VRFC 10-3107] analyzing entity 'xcvr_fmc216_sync_block_32'
INFO: [VRFC 10-3107] analyzing entity 'xcvr_fmc216_sync_block_33'
INFO: [VRFC 10-3107] analyzing entity 'xcvr_fmc216_sync_block_34'
INFO: [VRFC 10-3107] analyzing entity 'xcvr_fmc216_sync_block_35'
INFO: [VRFC 10-3107] analyzing entity 'xcvr_fmc216_sync_block_36'
INFO: [VRFC 10-3107] analyzing entity 'xcvr_fmc216_sync_block_37'
INFO: [VRFC 10-3107] analyzing entity 'xcvr_fmc216_sync_block_38'
INFO: [VRFC 10-3107] analyzing entity 'xcvr_fmc216_sync_block_39'
INFO: [VRFC 10-3107] analyzing entity 'xcvr_fmc216_sync_block_40'
INFO: [VRFC 10-3107] analyzing entity 'xcvr_fmc216_sync_block_41'
INFO: [VRFC 10-3107] analyzing entity 'xcvr_fmc216_sync_block_42'
INFO: [VRFC 10-3107] analyzing entity 'xcvr_fmc216_sync_block_43'
INFO: [VRFC 10-3107] analyzing entity 'xcvr_fmc216_sync_block_44'
INFO: [VRFC 10-3107] analyzing entity 'xcvr_fmc216_sync_block_45'
INFO: [VRFC 10-3107] analyzing entity 'xcvr_fmc216_sync_block_46'
INFO: [VRFC 10-3107] analyzing entity 'xcvr_fmc216_sync_block_47'
INFO: [VRFC 10-3107] analyzing entity 'xcvr_fmc216_sync_block_48'
INFO: [VRFC 10-3107] analyzing entity 'xcvr_fmc216_sync_block_49'
INFO: [VRFC 10-3107] analyzing entity 'xcvr_fmc216_sync_block_50'
INFO: [VRFC 10-3107] analyzing entity 'xcvr_fmc216_sync_block_51'
INFO: [VRFC 10-3107] analyzing entity 'xcvr_fmc216_sync_block_52'
INFO: [VRFC 10-3107] analyzing entity 'xcvr_fmc216_sync_block_53'
INFO: [VRFC 10-3107] analyzing entity 'xcvr_fmc216_sync_block_54'
INFO: [VRFC 10-3107] analyzing entity 'xcvr_fmc216_sync_block_55'
INFO: [VRFC 10-3107] analyzing entity 'xcvr_fmc216_sync_block_56'
INFO: [VRFC 10-3107] analyzing entity 'xcvr_fmc216_sync_block_57'
INFO: [VRFC 10-3107] analyzing entity 'xcvr_fmc216_sync_block_58'
INFO: [VRFC 10-3107] analyzing entity 'xcvr_fmc216_sync_block_59'
INFO: [VRFC 10-3107] analyzing entity 'xcvr_fmc216_sync_block_60'
INFO: [VRFC 10-3107] analyzing entity 'xcvr_fmc216_sync_block_61'
INFO: [VRFC 10-3107] analyzing entity 'xcvr_fmc216_sync_block_62'
INFO: [VRFC 10-3107] analyzing entity 'xcvr_fmc216_sync_block_63'
INFO: [VRFC 10-3107] analyzing entity 'xcvr_fmc216_sync_block_64'
INFO: [VRFC 10-3107] analyzing entity 'xcvr_fmc216_sync_block_65'
INFO: [VRFC 10-3107] analyzing entity 'xcvr_fmc216_sync_block_66'
INFO: [VRFC 10-3107] analyzing entity 'xcvr_fmc216_sync_block_67'
INFO: [VRFC 10-3107] analyzing entity 'xcvr_fmc216_sync_block_68'
INFO: [VRFC 10-3107] analyzing entity 'xcvr_fmc216_sync_block_69'
INFO: [VRFC 10-3107] analyzing entity 'xcvr_fmc216_sync_block_70'
INFO: [VRFC 10-3107] analyzing entity 'xcvr_fmc216_sync_block_71'
INFO: [VRFC 10-3107] analyzing entity 'xcvr_fmc216_sync_block_72'
INFO: [VRFC 10-3107] analyzing entity 'xcvr_fmc216_sync_block_73'
INFO: [VRFC 10-3107] analyzing entity 'xcvr_fmc216_sync_block_74'
INFO: [VRFC 10-3107] analyzing entity 'xcvr_fmc216_sync_block_75'
INFO: [VRFC 10-3107] analyzing entity 'xcvr_fmc216_sync_block_76'
INFO: [VRFC 10-3107] analyzing entity 'xcvr_fmc216_sync_block_77'
INFO: [VRFC 10-3107] analyzing entity 'xcvr_fmc216_sync_block_78'
INFO: [VRFC 10-3107] analyzing entity 'xcvr_fmc216_sync_block_79'
INFO: [VRFC 10-3107] analyzing entity 'xcvr_fmc216_sync_block_80'
INFO: [VRFC 10-3107] analyzing entity 'xcvr_fmc216_sync_block_81'
INFO: [VRFC 10-3107] analyzing entity 'xcvr_fmc216_sync_block_82'
INFO: [VRFC 10-3107] analyzing entity 'xcvr_fmc216_sync_block_83'
INFO: [VRFC 10-3107] analyzing entity 'xcvr_fmc216_sync_block_84'
INFO: [VRFC 10-3107] analyzing entity 'xcvr_fmc216_sync_block_85'
INFO: [VRFC 10-3107] analyzing entity 'xcvr_fmc216_sync_block_86'
INFO: [VRFC 10-3107] analyzing entity 'xcvr_fmc216_sync_block_87'
INFO: [VRFC 10-3107] analyzing entity 'xcvr_fmc216_sync_block_88'
INFO: [VRFC 10-3107] analyzing entity 'xcvr_fmc216_sync_block_89'
INFO: [VRFC 10-3107] analyzing entity 'xcvr_fmc216_sync_block_90'
INFO: [VRFC 10-3107] analyzing entity 'xcvr_fmc216_sync_block_91'
INFO: [VRFC 10-3107] analyzing entity 'xcvr_fmc216_sync_block_92'
INFO: [VRFC 10-3107] analyzing entity 'xcvr_fmc216_sync_block_93'
INFO: [VRFC 10-3107] analyzing entity 'xcvr_fmc216_sync_block_94'
INFO: [VRFC 10-3107] analyzing entity 'xcvr_fmc216_sync_block_95'
INFO: [VRFC 10-3107] analyzing entity 'xcvr_fmc216_sync_block_96'
INFO: [VRFC 10-3107] analyzing entity 'xcvr_fmc216_sync_block_97'
INFO: [VRFC 10-3107] analyzing entity 'xcvr_fmc216_sync_block_98'
INFO: [VRFC 10-3107] analyzing entity 'xcvr_fmc216_sync_block_99'
INFO: [VRFC 10-3107] analyzing entity 'afifo_dmem'
INFO: [VRFC 10-3107] analyzing entity 'afifo_rd_bin_cntr'
INFO: [VRFC 10-3107] analyzing entity 'afifo_rd_fwft'
INFO: [VRFC 10-3107] analyzing entity 'afifo_rd_status_flags_as'
INFO: [VRFC 10-3107] analyzing entity 'afifo_reset_blk_ramfifo'
INFO: [VRFC 10-3107] analyzing entity 'afifo_wr_bin_cntr'
INFO: [VRFC 10-3107] analyzing entity 'afifo_wr_status_flags_as'
INFO: [VRFC 10-3107] analyzing entity 'dac3283_wfm_output_fifo_compare'
INFO: [VRFC 10-3107] analyzing entity 'dac3283_wfm_output_fifo_compare_0'
INFO: [VRFC 10-3107] analyzing entity 'dac3283_wfm_output_fifo_compare_1'
INFO: [VRFC 10-3107] analyzing entity 'dac3283_wfm_output_fifo_compare_2'
INFO: [VRFC 10-3107] analyzing entity 'dac3283_wfm_output_fifo_rd_bin_cntr'
INFO: [VRFC 10-3107] analyzing entity 'dac3283_wfm_output_fifo_rd_dc_as'
INFO: [VRFC 10-3107] analyzing entity 'dac3283_wfm_output_fifo_rd_handshaking_flags'
INFO: [VRFC 10-3107] analyzing entity 'dac3283_wfm_output_fifo_wr_bin_cntr'
INFO: [VRFC 10-3107] analyzing entity 'dac3283_wfm_output_fifo_wr_dc_as'
INFO: [VRFC 10-3107] analyzing entity 'fifo_64_to_8_compare'
INFO: [VRFC 10-3107] analyzing entity 'fifo_64_to_8_compare_0'
INFO: [VRFC 10-3107] analyzing entity 'fifo_64_to_8_rd_bin_cntr'
INFO: [VRFC 10-3107] analyzing entity 'fifo_64_to_8_rd_dc_as'
INFO: [VRFC 10-3107] analyzing entity 'fifo_64_to_8_rd_handshaking_flags'
INFO: [VRFC 10-3107] analyzing entity 'fifo_64_to_8_wr_bin_cntr'
INFO: [VRFC 10-3107] analyzing entity 'fifo_64_to_8_wr_dc_as'
INFO: [VRFC 10-3107] analyzing entity 'fifo_64_to_8_wr_status_flags_as'
INFO: [VRFC 10-3107] analyzing entity 'gig_ethernet_pcs_pma_1_AUTO_NEG'
INFO: [VRFC 10-3107] analyzing entity 'gig_ethernet_pcs_pma_1_RX'
INFO: [VRFC 10-3107] analyzing entity 'gig_ethernet_pcs_pma_1_SYNCHRONISE'
INFO: [VRFC 10-3107] analyzing entity 'gig_ethernet_pcs_pma_1_TX'
INFO: [VRFC 10-3107] analyzing entity 'gig_ethernet_pcs_pma_1_reset_sync_block'
INFO: [VRFC 10-3107] analyzing entity 'gig_ethernet_pcs_pma_1_reset_sync_block_34'
INFO: [VRFC 10-3107] analyzing entity 'gig_ethernet_pcs_pma_1_reset_sync_block_35'
INFO: [VRFC 10-3107] analyzing entity 'gig_ethernet_pcs_pma_1_sync_block_1'
INFO: [VRFC 10-3107] analyzing entity 'wfm_output_fifo_compare'
INFO: [VRFC 10-3107] analyzing entity 'wfm_output_fifo_compare_1'
INFO: [VRFC 10-3107] analyzing entity '\wfm_output_fifo_compare__parameterized0\'
INFO: [VRFC 10-3107] analyzing entity '\wfm_output_fifo_compare__parameterized0_0\'
INFO: [VRFC 10-3107] analyzing entity 'wfm_output_fifo_rd_bin_cntr'
INFO: [VRFC 10-3107] analyzing entity 'wfm_output_fifo_rd_dc_as'
INFO: [VRFC 10-3107] analyzing entity 'wfm_output_fifo_rd_handshaking_flags'
INFO: [VRFC 10-3107] analyzing entity 'wfm_output_fifo_wr_bin_cntr'
INFO: [VRFC 10-3107] analyzing entity 'wfm_output_fifo_wr_dc_as'
INFO: [VRFC 10-3107] analyzing entity 'dac3283_wfm_dpram_blk_mem_gen_prim_wrapper'
INFO: [VRFC 10-3107] analyzing entity '\dac3283_wfm_dpram_blk_mem_gen_prim_wrapper__parameterized0\'
INFO: [VRFC 10-3107] analyzing entity '\dac3283_wfm_dpram_blk_mem_gen_prim_wrapper__parameterized1\'
INFO: [VRFC 10-3107] analyzing entity '\dac3283_wfm_dpram_blk_mem_gen_prim_wrapper__parameterized2\'
INFO: [VRFC 10-3107] analyzing entity '\dac3283_wfm_dpram_blk_mem_gen_prim_wrapper__parameterized3\'
INFO: [VRFC 10-3107] analyzing entity '\dac3283_wfm_dpram_blk_mem_gen_prim_wrapper__parameterized4\'
INFO: [VRFC 10-3107] analyzing entity '\dac3283_wfm_dpram_blk_mem_gen_prim_wrapper__parameterized5\'
INFO: [VRFC 10-3107] analyzing entity '\dac3283_wfm_dpram_blk_mem_gen_prim_wrapper__parameterized6\'
INFO: [VRFC 10-3107] analyzing entity 'dac3283_wfm_output_fifo_blk_mem_gen_prim_wrapper'
INFO: [VRFC 10-3107] analyzing entity 'fifo_64_to_8_blk_mem_gen_prim_wrapper'
INFO: [VRFC 10-3107] analyzing entity 'wfm_output_fifo_blk_mem_gen_prim_wrapper'
INFO: [VRFC 10-3107] analyzing entity 'ETH_RX_CRC'
INFO: [VRFC 10-3107] analyzing entity 'ETH_TX_CRC'
INFO: [VRFC 10-3107] analyzing entity 'cid_stellar_cmd'
INFO: [VRFC 10-3107] analyzing entity 'dac_wrapper'
INFO: [VRFC 10-3107] analyzing entity '\dac_wrapper__1\'
INFO: [VRFC 10-3107] analyzing entity '\dac_wrapper__2\'
INFO: [VRFC 10-3107] analyzing entity '\dac_wrapper__3\'
INFO: [VRFC 10-3107] analyzing entity 'fmc216_stellar_cmd'
INFO: [VRFC 10-3107] analyzing entity 'gig_ethernet_pcs_pma_1_GTWIZARD_multi_gt'
INFO: [VRFC 10-3107] analyzing entity 'gig_ethernet_pcs_pma_1_RX_STARTUP_FSM'
INFO: [VRFC 10-3107] analyzing entity 'gig_ethernet_pcs_pma_1_TX_STARTUP_FSM'
INFO: [VRFC 10-3107] analyzing entity 'gig_ethernet_pcs_pma_1_clk_gen'
INFO: [VRFC 10-3107] analyzing entity 'gig_ethernet_pcs_pma_1_rx_elastic_buffer'
INFO: [VRFC 10-3107] analyzing entity 'i2c_master_byte_ctrl'
INFO: [VRFC 10-3107] analyzing entity 'i2c_master_stellar_cmd'
INFO: [VRFC 10-3107] analyzing entity 'pll0'
INFO: [VRFC 10-3107] analyzing entity 'router_s1d16_stellar_cmd'
INFO: [VRFC 10-3107] analyzing entity 'sip_freq_cnt16'
INFO: [VRFC 10-3107] analyzing entity 'xcvr_fmc216_RX_STARTUP_FSM'
INFO: [VRFC 10-3107] analyzing entity 'xcvr_fmc216_RX_STARTUP_FSM_1'
INFO: [VRFC 10-3107] analyzing entity 'xcvr_fmc216_RX_STARTUP_FSM_11'
INFO: [VRFC 10-3107] analyzing entity 'xcvr_fmc216_RX_STARTUP_FSM_13'
INFO: [VRFC 10-3107] analyzing entity 'xcvr_fmc216_RX_STARTUP_FSM_3'
INFO: [VRFC 10-3107] analyzing entity 'xcvr_fmc216_RX_STARTUP_FSM_5'
INFO: [VRFC 10-3107] analyzing entity 'xcvr_fmc216_RX_STARTUP_FSM_7'
INFO: [VRFC 10-3107] analyzing entity 'xcvr_fmc216_RX_STARTUP_FSM_9'
INFO: [VRFC 10-3107] analyzing entity 'xcvr_fmc216_TX_STARTUP_FSM'
INFO: [VRFC 10-3107] analyzing entity 'xcvr_fmc216_TX_STARTUP_FSM_10'
INFO: [VRFC 10-3107] analyzing entity 'xcvr_fmc216_TX_STARTUP_FSM_12'
INFO: [VRFC 10-3107] analyzing entity 'xcvr_fmc216_TX_STARTUP_FSM_14'
INFO: [VRFC 10-3107] analyzing entity 'xcvr_fmc216_TX_STARTUP_FSM_2'
INFO: [VRFC 10-3107] analyzing entity 'xcvr_fmc216_TX_STARTUP_FSM_4'
INFO: [VRFC 10-3107] analyzing entity 'xcvr_fmc216_TX_STARTUP_FSM_6'
INFO: [VRFC 10-3107] analyzing entity 'xcvr_fmc216_TX_STARTUP_FSM_8'
INFO: [VRFC 10-3107] analyzing entity 'xcvr_fmc216_multi_gt'
INFO: [VRFC 10-3107] analyzing entity 'afifo_clk_x_pntrs'
INFO: [VRFC 10-3107] analyzing entity 'afifo_memory'
INFO: [VRFC 10-3107] analyzing entity 'afifo_rd_logic'
INFO: [VRFC 10-3107] analyzing entity 'afifo_wr_logic'
INFO: [VRFC 10-3107] analyzing entity 'dac3283_wfm_output_fifo_clk_x_pntrs'
INFO: [VRFC 10-3107] analyzing entity 'dac3283_wfm_output_fifo_rd_status_flags_as'
INFO: [VRFC 10-3107] analyzing entity 'dac3283_wfm_output_fifo_reset_blk_ramfifo'
INFO: [VRFC 10-3107] analyzing entity 'dac3283_wfm_output_fifo_wr_status_flags_as'
INFO: [VRFC 10-3107] analyzing entity 'fifo_64_to_8_clk_x_pntrs'
INFO: [VRFC 10-3107] analyzing entity 'fifo_64_to_8_rd_status_flags_as'
INFO: [VRFC 10-3107] analyzing entity 'fifo_64_to_8_reset_blk_ramfifo'
INFO: [VRFC 10-3107] analyzing entity 'fifo_64_to_8_wr_logic'
INFO: [VRFC 10-3107] analyzing entity 'gig_ethernet_pcs_pma_1_GPCS_PMA_GEN'
INFO: [VRFC 10-3107] analyzing entity 'wfm_output_fifo_clk_x_pntrs'
INFO: [VRFC 10-3107] analyzing entity 'wfm_output_fifo_rd_status_flags_as'
INFO: [VRFC 10-3107] analyzing entity 'wfm_output_fifo_reset_blk_ramfifo'
INFO: [VRFC 10-3107] analyzing entity 'wfm_output_fifo_wr_status_flags_as'
INFO: [VRFC 10-3107] analyzing entity 'dac3283_wfm_dpram_blk_mem_gen_prim_width'
INFO: [VRFC 10-3107] analyzing entity '\dac3283_wfm_dpram_blk_mem_gen_prim_width__parameterized0\'
INFO: [VRFC 10-3107] analyzing entity '\dac3283_wfm_dpram_blk_mem_gen_prim_width__parameterized1\'
INFO: [VRFC 10-3107] analyzing entity '\dac3283_wfm_dpram_blk_mem_gen_prim_width__parameterized2\'
INFO: [VRFC 10-3107] analyzing entity '\dac3283_wfm_dpram_blk_mem_gen_prim_width__parameterized3\'
INFO: [VRFC 10-3107] analyzing entity '\dac3283_wfm_dpram_blk_mem_gen_prim_width__parameterized4\'
INFO: [VRFC 10-3107] analyzing entity '\dac3283_wfm_dpram_blk_mem_gen_prim_width__parameterized5\'
INFO: [VRFC 10-3107] analyzing entity '\dac3283_wfm_dpram_blk_mem_gen_prim_width__parameterized6\'
INFO: [VRFC 10-3107] analyzing entity 'dac3283_wfm_output_fifo_blk_mem_gen_prim_width'
INFO: [VRFC 10-3107] analyzing entity 'fifo_64_to_8_blk_mem_gen_prim_width'
INFO: [VRFC 10-3107] analyzing entity 'wfm_output_fifo_blk_mem_gen_prim_width'
INFO: [VRFC 10-3107] analyzing entity 'brd_clocks'
INFO: [VRFC 10-3107] analyzing entity 'cid_regs'
INFO: [VRFC 10-3107] analyzing entity 'eth_rx_stream_buf'
INFO: [VRFC 10-3107] analyzing entity 'fmc216_ctrl'
INFO: [VRFC 10-3107] analyzing entity 'gig_ethernet_pcs_pma_1_GTWIZARD_init'
INFO: [VRFC 10-3107] analyzing entity 'gig_ethernet_pcs_pma_1_sgmii_adapt'
INFO: [VRFC 10-3107] analyzing entity 'i2c_master_top'
INFO: [VRFC 10-3107] analyzing entity 'jesd204b_vc707_8lane_dac'
INFO: [VRFC 10-3107] analyzing entity 'router_s1d16_regs'
INFO: [VRFC 10-3107] analyzing entity 'xcvr_fmc216_init'
INFO: [VRFC 10-3107] analyzing entity 'afifo_fifo_generator_ramfifo'
INFO: [VRFC 10-3107] analyzing entity 'dac3283_wfm_output_fifo_rd_logic'
INFO: [VRFC 10-3107] analyzing entity 'dac3283_wfm_output_fifo_wr_logic'
INFO: [VRFC 10-3107] analyzing entity 'fifo_64_to_8_rd_logic'
INFO: [VRFC 10-3107] analyzing entity 'gig_ethernet_pcs_pma_1_gig_ethernet_pcs_pma_v16_2_6'
INFO: [VRFC 10-3107] analyzing entity 'wfm_output_fifo_rd_logic'
INFO: [VRFC 10-3107] analyzing entity 'wfm_output_fifo_wr_logic'
INFO: [VRFC 10-3107] analyzing entity 'dac3283_wfm_dpram_blk_mem_gen_generic_cstr'
INFO: [VRFC 10-3107] analyzing entity 'dac3283_wfm_output_fifo_blk_mem_gen_generic_cstr'
INFO: [VRFC 10-3107] analyzing entity 'fifo_64_to_8_blk_mem_gen_generic_cstr'
INFO: [VRFC 10-3107] analyzing entity 'wfm_output_fifo_blk_mem_gen_generic_cstr'
INFO: [VRFC 10-3107] analyzing entity 'cid'
INFO: [VRFC 10-3107] analyzing entity 'gig_ethernet_pcs_pma_1_GTWIZARD'
INFO: [VRFC 10-3107] analyzing entity 'i2c_master'
INFO: [VRFC 10-3107] analyzing entity 'router_s1d16'
INFO: [VRFC 10-3107] analyzing entity 'xcvr_fmc216_support'
INFO: [VRFC 10-3107] analyzing entity 'afifo_fifo_generator_top'
INFO: [VRFC 10-3107] analyzing entity 'dac3283_wfm_dpram_blk_mem_gen_top'
INFO: [VRFC 10-3107] analyzing entity 'dac3283_wfm_output_fifo_blk_mem_gen_top'
INFO: [VRFC 10-3107] analyzing entity 'fifo_64_to_8_blk_mem_gen_top'
INFO: [VRFC 10-3107] analyzing entity 'wfm_output_fifo_blk_mem_gen_top'
INFO: [VRFC 10-3107] analyzing entity 'gig_ethernet_pcs_pma_1_transceiver'
INFO: [VRFC 10-3107] analyzing entity 'sip_cid_ex'
INFO: [VRFC 10-3107] analyzing entity 'sip_i2c_master'
INFO: [VRFC 10-3107] analyzing entity 'sip_router_s1d16'
INFO: [VRFC 10-3107] analyzing entity 'xcvr_fmc216'
INFO: [VRFC 10-3107] analyzing entity 'afifo_fifo_generator_v13_2_6_synth'
INFO: [VRFC 10-3107] analyzing entity 'dac3283_wfm_dpram_blk_mem_gen_v8_4_5_synth'
INFO: [VRFC 10-3107] analyzing entity 'dac3283_wfm_output_fifo_blk_mem_gen_v8_4_5_synth'
INFO: [VRFC 10-3107] analyzing entity 'fifo_64_to_8_blk_mem_gen_v8_4_5_synth'
INFO: [VRFC 10-3107] analyzing entity 'wfm_output_fifo_blk_mem_gen_v8_4_5_synth'
INFO: [VRFC 10-3107] analyzing entity 'gig_ethernet_pcs_pma_1_block'
INFO: [VRFC 10-3107] analyzing entity 'xcvr_wrapper'
INFO: [VRFC 10-3107] analyzing entity 'afifo_fifo_generator_v13_2_6'
INFO: [VRFC 10-3107] analyzing entity 'dac3283_wfm_dpram_blk_mem_gen_v8_4_5'
INFO: [VRFC 10-3107] analyzing entity 'dac3283_wfm_output_fifo_blk_mem_gen_v8_4_5'
INFO: [VRFC 10-3107] analyzing entity 'fifo_64_to_8_blk_mem_gen_v8_4_5'
INFO: [VRFC 10-3107] analyzing entity 'wfm_output_fifo_blk_mem_gen_v8_4_5'
INFO: [VRFC 10-3107] analyzing entity 'afifo'
INFO: [VRFC 10-3107] analyzing entity 'dac3283_wfm_dpram'
INFO: [VRFC 10-3107] analyzing entity 'gig_ethernet_pcs_pma_1'
INFO: [VRFC 10-3107] analyzing entity 'dac3283_wfm_output_fifo_memory'
INFO: [VRFC 10-3107] analyzing entity 'fifo_64_to_8_memory'
INFO: [VRFC 10-3107] analyzing entity 'wfm_output_fifo_memory'
INFO: [VRFC 10-3107] analyzing entity 'gmii_eth_rx_stream'
INFO: [VRFC 10-3107] analyzing entity 'wfm_ctrl'
INFO: [VRFC 10-3107] analyzing entity '\wfm_ctrl__xdcDup__1\'
INFO: [VRFC 10-3107] analyzing entity '\wfm_ctrl__xdcDup__10\'
INFO: [VRFC 10-3107] analyzing entity '\wfm_ctrl__xdcDup__11\'
INFO: [VRFC 10-3107] analyzing entity '\wfm_ctrl__xdcDup__12\'
INFO: [VRFC 10-3107] analyzing entity '\wfm_ctrl__xdcDup__13\'
INFO: [VRFC 10-3107] analyzing entity '\wfm_ctrl__xdcDup__14\'
INFO: [VRFC 10-3107] analyzing entity '\wfm_ctrl__xdcDup__15\'
INFO: [VRFC 10-3107] analyzing entity '\wfm_ctrl__xdcDup__2\'
INFO: [VRFC 10-3107] analyzing entity '\wfm_ctrl__xdcDup__3\'
INFO: [VRFC 10-3107] analyzing entity '\wfm_ctrl__xdcDup__4\'
INFO: [VRFC 10-3107] analyzing entity '\wfm_ctrl__xdcDup__5\'
INFO: [VRFC 10-3107] analyzing entity '\wfm_ctrl__xdcDup__6\'
INFO: [VRFC 10-3107] analyzing entity '\wfm_ctrl__xdcDup__7\'
INFO: [VRFC 10-3107] analyzing entity '\wfm_ctrl__xdcDup__8\'
INFO: [VRFC 10-3107] analyzing entity '\wfm_ctrl__xdcDup__9\'
INFO: [VRFC 10-3107] analyzing entity 'dac3283_wfm_output_fifo_fifo_generator_ramfifo'
INFO: [VRFC 10-3107] analyzing entity 'fifo_64_to_8_fifo_generator_ramfifo'
INFO: [VRFC 10-3107] analyzing entity 'wfm_output_fifo_fifo_generator_ramfifo'
INFO: [VRFC 10-3107] analyzing entity 'ge_mac_stream'
INFO: [VRFC 10-3107] analyzing entity 'dac3283_wfm_output_fifo_fifo_generator_top'
INFO: [VRFC 10-3107] analyzing entity 'fifo_64_to_8_fifo_generator_top'
INFO: [VRFC 10-3107] analyzing entity 'wfm_output_fifo_fifo_generator_top'
INFO: [VRFC 10-3107] analyzing entity 'dac3283_wfm_output_fifo_fifo_generator_v13_2_6_synth'
INFO: [VRFC 10-3107] analyzing entity 'fifo_64_to_8_fifo_generator_v13_2_6_synth'
INFO: [VRFC 10-3107] analyzing entity 'wfm_output_fifo_fifo_generator_v13_2_6_synth'
INFO: [VRFC 10-3107] analyzing entity 'dac3283_wfm_output_fifo_fifo_generator_v13_2_6'
INFO: [VRFC 10-3107] analyzing entity 'fifo_64_to_8_fifo_generator_v13_2_6'
INFO: [VRFC 10-3107] analyzing entity 'wfm_output_fifo_fifo_generator_v13_2_6'
INFO: [VRFC 10-3107] analyzing entity 'dac3283_wfm_output_fifo'
INFO: [VRFC 10-3107] analyzing entity 'fifo_64_to_8'
INFO: [VRFC 10-3107] analyzing entity 'wfm_output_fifo'
INFO: [VRFC 10-3107] analyzing entity 'brd_packet_engine'
INFO: [VRFC 10-3107] analyzing entity 'wfm'
INFO: [VRFC 10-3107] analyzing entity '\wfm__xdcDup__1\'
INFO: [VRFC 10-3107] analyzing entity '\wfm__xdcDup__10\'
INFO: [VRFC 10-3107] analyzing entity '\wfm__xdcDup__11\'
INFO: [VRFC 10-3107] analyzing entity '\wfm__xdcDup__12\'
INFO: [VRFC 10-3107] analyzing entity '\wfm__xdcDup__13\'
INFO: [VRFC 10-3107] analyzing entity '\wfm__xdcDup__14\'
INFO: [VRFC 10-3107] analyzing entity '\wfm__xdcDup__15\'
INFO: [VRFC 10-3107] analyzing entity '\wfm__xdcDup__2\'
INFO: [VRFC 10-3107] analyzing entity '\wfm__xdcDup__3\'
INFO: [VRFC 10-3107] analyzing entity '\wfm__xdcDup__4\'
INFO: [VRFC 10-3107] analyzing entity '\wfm__xdcDup__5\'
INFO: [VRFC 10-3107] analyzing entity '\wfm__xdcDup__6\'
INFO: [VRFC 10-3107] analyzing entity '\wfm__xdcDup__7\'
INFO: [VRFC 10-3107] analyzing entity '\wfm__xdcDup__8\'
INFO: [VRFC 10-3107] analyzing entity '\wfm__xdcDup__9\'
INFO: [VRFC 10-3107] analyzing entity 'fmc216'
INFO: [VRFC 10-3107] analyzing entity 'mac_engine'
INFO: [VRFC 10-3107] analyzing entity 'sip_fmc216_8lane'
INFO: [VRFC 10-3107] analyzing entity 'sip_vc707_mac_engine_sgmii'
INFO: [VRFC 10-3107] analyzing entity 'vc707_fmc216_vivado'
INFO: [VRFC 10-163] Analyzing VHDL file "C:/4dsp_test/527_vc707_fmc216/simulate/tb_fmc216.vhd" into library xil_defaultlib
INFO: [VRFC 10-3107] analyzing entity 'testbench'
