
*** Running vivado
    with args -log xcvr_fmc216.vds -m64 -product Vivado -mode batch -messageDb vivado.pb -notrace -source xcvr_fmc216.tcl



****** Vivado v2021.2 (64-bit)
  **** SW Build 3367213 on Tue Oct 19 02:48:09 MDT 2021
  **** IP Build 3369179 on Thu Oct 21 08:25:16 MDT 2021
    ** Copyright 1986-2021 Xilinx, Inc. All Rights Reserved.

source xcvr_fmc216.tcl -notrace
Command: synth_design -top xcvr_fmc216 -part xc7vx485tffg1761-2 -mode out_of_context
Starting synth_design
Attempting to get a license for feature 'Synthesis' and/or device 'xc7vx485t'
INFO: [Common 17-349] Got license for feature 'Synthesis' and/or device 'xc7vx485t'
INFO: [Common 17-86] Your Synthesis license expires in 14 day(s)
INFO: [Device 21-403] Loading part xc7vx485tffg1761-2
INFO: [Synth 8-7079] Multithreading enabled for synth_design using a maximum of 2 processes.
INFO: [Synth 8-7078] Launching helper process for spawning children vivado processes
INFO: [Synth 8-7075] Helper process launched with PID 4328
---------------------------------------------------------------------------------
Starting RTL Elaboration : Time (s): cpu = 00:00:08 ; elapsed = 00:00:08 . Memory (MB): peak = 1246.559 ; gain = 0.000
---------------------------------------------------------------------------------
INFO: [Synth 8-638] synthesizing module 'xcvr_fmc216' [c:/4dsp_test/527_vc707_fmc216/output/vc707_fmc216_vivado/Src/sip_fmc216_8lane/xcvr_fmc216/xcvr_fmc216.vhd:667]
	Parameter EXAMPLE_SIM_GTRESET_SPEEDUP bound to: TRUE - type: string 
	Parameter STABLE_CLOCK_PERIOD bound to: 8 - type: integer 
INFO: [Synth 8-3491] module 'xcvr_fmc216_support' declared at 'c:/4dsp_test/527_vc707_fmc216/output/vc707_fmc216_vivado/Src/sip_fmc216_8lane/xcvr_fmc216/xcvr_fmc216_support.vhd:74' bound to instance 'U0' of component 'xcvr_fmc216_support' [c:/4dsp_test/527_vc707_fmc216/output/vc707_fmc216_vivado/Src/sip_fmc216_8lane/xcvr_fmc216/xcvr_fmc216.vhd:1276]
INFO: [Synth 8-638] synthesizing module 'xcvr_fmc216_support' [c:/4dsp_test/527_vc707_fmc216/output/vc707_fmc216_vivado/Src/sip_fmc216_8lane/xcvr_fmc216/xcvr_fmc216_support.vhd:675]
INFO: [Synth 8-3491] module 'xcvr_fmc216_GT_USRCLK_SOURCE' declared at 'c:/4dsp_test/527_vc707_fmc216/output/vc707_fmc216_vivado/Src/sip_fmc216_8lane/xcvr_fmc216/xcvr_fmc216_gt_usrclk_source.vhd:72' bound to instance 'gt_usrclk_source' of component 'xcvr_fmc216_GT_USRCLK_SOURCE' [c:/4dsp_test/527_vc707_fmc216/output/vc707_fmc216_vivado/Src/sip_fmc216_8lane/xcvr_fmc216/xcvr_fmc216_support.vhd:2248]
INFO: [Synth 8-638] synthesizing module 'xcvr_fmc216_GT_USRCLK_SOURCE' [c:/4dsp_test/527_vc707_fmc216/output/vc707_fmc216_vivado/Src/sip_fmc216_8lane/xcvr_fmc216/xcvr_fmc216_gt_usrclk_source.vhd:131]
INFO: [Synth 8-113] binding component instance 'ibufds_instq5_clk0' to cell 'IBUFDS_GTE2' [c:/4dsp_test/527_vc707_fmc216/output/vc707_fmc216_vivado/Src/sip_fmc216_8lane/xcvr_fmc216/xcvr_fmc216_gt_usrclk_source.vhd:205]
INFO: [Synth 8-113] binding component instance 'txoutclk_bufg0_i' to cell 'BUFG' [c:/4dsp_test/527_vc707_fmc216/output/vc707_fmc216_vivado/Src/sip_fmc216_8lane/xcvr_fmc216/xcvr_fmc216_gt_usrclk_source.vhd:219]
INFO: [Synth 8-256] done synthesizing module 'xcvr_fmc216_GT_USRCLK_SOURCE' (1#1) [c:/4dsp_test/527_vc707_fmc216/output/vc707_fmc216_vivado/Src/sip_fmc216_8lane/xcvr_fmc216/xcvr_fmc216_gt_usrclk_source.vhd:131]
	Parameter WRAPPER_SIM_GTRESET_SPEEDUP bound to: TRUE - type: string 
	Parameter SIM_QPLLREFCLK_SEL bound to: 3'b001 
INFO: [Synth 8-3491] module 'xcvr_fmc216_common' declared at 'c:/4dsp_test/527_vc707_fmc216/output/vc707_fmc216_vivado/Src/sip_fmc216_8lane/xcvr_fmc216/xcvr_fmc216_common.vhd:72' bound to instance 'common0_i' of component 'xcvr_fmc216_common' [c:/4dsp_test/527_vc707_fmc216/output/vc707_fmc216_vivado/Src/sip_fmc216_8lane/xcvr_fmc216/xcvr_fmc216_support.vhd:2307]
INFO: [Synth 8-638] synthesizing module 'xcvr_fmc216_common' [c:/4dsp_test/527_vc707_fmc216/output/vc707_fmc216_vivado/Src/sip_fmc216_8lane/xcvr_fmc216/xcvr_fmc216_common.vhd:99]
	Parameter BIAS_CFG bound to: 64'b0000000000000000000001000000000000000000000000000001000000000000 
	Parameter COMMON_CFG bound to: 32'b00000000000000000000000000000000 
	Parameter QPLL_CFG bound to: 28'b0000011010000000000110000001 
	Parameter QPLL_CLKOUT_CFG bound to: 4'b0000 
	Parameter QPLL_COARSE_FREQ_OVRD bound to: 6'b010000 
	Parameter QPLL_COARSE_FREQ_OVRD_EN bound to: 1'b0 
	Parameter QPLL_CP bound to: 10'b0000011111 
	Parameter QPLL_CP_MONITOR_EN bound to: 1'b0 
	Parameter QPLL_DMONITOR_SEL bound to: 1'b0 
	Parameter QPLL_FBDIV bound to: 10'b0010000000 
	Parameter QPLL_FBDIV_MONITOR_EN bound to: 1'b0 
	Parameter QPLL_FBDIV_RATIO bound to: 1'b1 
	Parameter QPLL_INIT_CFG bound to: 24'b000000000000000000000110 
	Parameter QPLL_LOCK_CFG bound to: 16'b0010000111101000 
	Parameter QPLL_LPF bound to: 4'b1111 
	Parameter QPLL_REFCLK_DIV bound to: 1 - type: integer 
	Parameter SIM_QPLLREFCLK_SEL bound to: 3'b001 
	Parameter SIM_RESET_SPEEDUP bound to: TRUE - type: string 
	Parameter SIM_VERSION bound to: 4.0 - type: string 
INFO: [Synth 8-113] binding component instance 'gtxe2_common_i' to cell 'GTXE2_COMMON' [c:/4dsp_test/527_vc707_fmc216/output/vc707_fmc216_vivado/Src/sip_fmc216_8lane/xcvr_fmc216/xcvr_fmc216_common.vhd:177]
INFO: [Synth 8-256] done synthesizing module 'xcvr_fmc216_common' (2#1) [c:/4dsp_test/527_vc707_fmc216/output/vc707_fmc216_vivado/Src/sip_fmc216_8lane/xcvr_fmc216/xcvr_fmc216_common.vhd:99]
	Parameter WRAPPER_SIM_GTRESET_SPEEDUP bound to: TRUE - type: string 
	Parameter SIM_QPLLREFCLK_SEL bound to: 3'b001 
INFO: [Synth 8-3491] module 'xcvr_fmc216_common' declared at 'c:/4dsp_test/527_vc707_fmc216/output/vc707_fmc216_vivado/Src/sip_fmc216_8lane/xcvr_fmc216/xcvr_fmc216_common.vhd:72' bound to instance 'common1_i' of component 'xcvr_fmc216_common' [c:/4dsp_test/527_vc707_fmc216/output/vc707_fmc216_vivado/Src/sip_fmc216_8lane/xcvr_fmc216/xcvr_fmc216_support.vhd:2332]
	Parameter STABLE_CLOCK_PERIOD bound to: 8 - type: integer 
INFO: [Synth 8-3491] module 'xcvr_fmc216_common_reset' declared at 'c:/4dsp_test/527_vc707_fmc216/output/vc707_fmc216_vivado/Src/sip_fmc216_8lane/xcvr_fmc216/xcvr_fmc216_common_reset.vhd:78' bound to instance 'common_reset_i' of component 'xcvr_fmc216_common_reset' [c:/4dsp_test/527_vc707_fmc216/output/vc707_fmc216_vivado/Src/sip_fmc216_8lane/xcvr_fmc216/xcvr_fmc216_support.vhd:2357]
INFO: [Synth 8-638] synthesizing module 'xcvr_fmc216_common_reset' [c:/4dsp_test/527_vc707_fmc216/output/vc707_fmc216_vivado/Src/sip_fmc216_8lane/xcvr_fmc216/xcvr_fmc216_common_reset.vhd:91]
INFO: [Synth 8-226] default block is never used [c:/4dsp_test/527_vc707_fmc216/output/vc707_fmc216_vivado/Src/sip_fmc216_8lane/xcvr_fmc216/xcvr_fmc216_common_reset.vhd:133]
INFO: [Synth 8-256] done synthesizing module 'xcvr_fmc216_common_reset' (3#1) [c:/4dsp_test/527_vc707_fmc216/output/vc707_fmc216_vivado/Src/sip_fmc216_8lane/xcvr_fmc216/xcvr_fmc216_common_reset.vhd:91]
INFO: [Synth 8-3491] module 'xcvr_fmc216_init' declared at 'c:/4dsp_test/527_vc707_fmc216/output/vc707_fmc216_vivado/Src/sip_fmc216_8lane/xcvr_fmc216/xcvr_fmc216_init.vhd:75' bound to instance 'xcvr_fmc216_init_i' of component 'xcvr_fmc216_init' [c:/4dsp_test/527_vc707_fmc216/output/vc707_fmc216_vivado/Src/sip_fmc216_8lane/xcvr_fmc216/xcvr_fmc216_support.vhd:2371]
INFO: [Synth 8-638] synthesizing module 'xcvr_fmc216_init' [c:/4dsp_test/527_vc707_fmc216/output/vc707_fmc216_vivado/Src/sip_fmc216_8lane/xcvr_fmc216/xcvr_fmc216_init.vhd:704]
	Parameter WRAPPER_SIM_GTRESET_SPEEDUP bound to: TRUE - type: string 
INFO: [Synth 8-3491] module 'xcvr_fmc216_multi_gt' declared at 'c:/4dsp_test/527_vc707_fmc216/output/vc707_fmc216_vivado/Src/sip_fmc216_8lane/xcvr_fmc216/xcvr_fmc216_multi_gt.vhd:73' bound to instance 'xcvr_fmc216_i' of component 'xcvr_fmc216_multi_gt' [c:/4dsp_test/527_vc707_fmc216/output/vc707_fmc216_vivado/Src/sip_fmc216_8lane/xcvr_fmc216/xcvr_fmc216_init.vhd:1743]
INFO: [Synth 8-638] synthesizing module 'xcvr_fmc216_multi_gt' [c:/4dsp_test/527_vc707_fmc216/output/vc707_fmc216_vivado/Src/sip_fmc216_8lane/xcvr_fmc216/xcvr_fmc216_multi_gt.vhd:699]
	Parameter GT_SIM_GTRESET_SPEEDUP bound to: TRUE - type: string 
	Parameter RX_DFE_KL_CFG2_IN bound to: 806439084 - type: integer 
	Parameter PMA_RSV_IN bound to: 1994880 - type: integer 
	Parameter SIM_CPLLREFCLK_SEL bound to: 3'b001 
	Parameter PCS_RSVD_ATTR_IN bound to: 48'b000000000000000000000000000000000000000000000000 
INFO: [Synth 8-3491] module 'xcvr_fmc216_GT' declared at 'c:/4dsp_test/527_vc707_fmc216/output/vc707_fmc216_vivado/Src/sip_fmc216_8lane/xcvr_fmc216/xcvr_fmc216_gt.vhd:72' bound to instance 'gt0_xcvr_fmc216_i' of component 'xcvr_fmc216_GT' [c:/4dsp_test/527_vc707_fmc216/output/vc707_fmc216_vivado/Src/sip_fmc216_8lane/xcvr_fmc216/xcvr_fmc216_multi_gt.vhd:925]
INFO: [Synth 8-638] synthesizing module 'xcvr_fmc216_GT' [c:/4dsp_test/527_vc707_fmc216/output/vc707_fmc216_vivado/Src/sip_fmc216_8lane/xcvr_fmc216/xcvr_fmc216_gt.vhd:167]
	Parameter ALIGN_COMMA_DOUBLE bound to: FALSE - type: string 
	Parameter ALIGN_COMMA_ENABLE bound to: 10'b1111111111 
	Parameter ALIGN_COMMA_WORD bound to: 4 - type: integer 
	Parameter ALIGN_MCOMMA_DET bound to: TRUE - type: string 
	Parameter ALIGN_MCOMMA_VALUE bound to: 10'b1010000011 
	Parameter ALIGN_PCOMMA_DET bound to: TRUE - type: string 
	Parameter ALIGN_PCOMMA_VALUE bound to: 10'b0101111100 
	Parameter CBCC_DATA_SOURCE_SEL bound to: DECODED - type: string 
	Parameter CHAN_BOND_KEEP_ALIGN bound to: FALSE - type: string 
	Parameter CHAN_BOND_MAX_SKEW bound to: 1 - type: integer 
	Parameter CHAN_BOND_SEQ_1_1 bound to: 10'b0000000000 
	Parameter CHAN_BOND_SEQ_1_2 bound to: 10'b0000000000 
	Parameter CHAN_BOND_SEQ_1_3 bound to: 10'b0000000000 
	Parameter CHAN_BOND_SEQ_1_4 bound to: 10'b0000000000 
	Parameter CHAN_BOND_SEQ_1_ENABLE bound to: 4'b1111 
	Parameter CHAN_BOND_SEQ_2_1 bound to: 10'b0000000000 
	Parameter CHAN_BOND_SEQ_2_2 bound to: 10'b0000000000 
	Parameter CHAN_BOND_SEQ_2_3 bound to: 10'b0000000000 
	Parameter CHAN_BOND_SEQ_2_4 bound to: 10'b0000000000 
	Parameter CHAN_BOND_SEQ_2_ENABLE bound to: 4'b1111 
	Parameter CHAN_BOND_SEQ_2_USE bound to: FALSE - type: string 
	Parameter CHAN_BOND_SEQ_LEN bound to: 1 - type: integer 
	Parameter CLK_CORRECT_USE bound to: FALSE - type: string 
	Parameter CLK_COR_KEEP_IDLE bound to: FALSE - type: string 
	Parameter CLK_COR_MAX_LAT bound to: 20 - type: integer 
	Parameter CLK_COR_MIN_LAT bound to: 16 - type: integer 
	Parameter CLK_COR_PRECEDENCE bound to: TRUE - type: string 
	Parameter CLK_COR_REPEAT_WAIT bound to: 0 - type: integer 
	Parameter CLK_COR_SEQ_1_1 bound to: 10'b0100000000 
	Parameter CLK_COR_SEQ_1_2 bound to: 10'b0000000000 
	Parameter CLK_COR_SEQ_1_3 bound to: 10'b0000000000 
	Parameter CLK_COR_SEQ_1_4 bound to: 10'b0000000000 
	Parameter CLK_COR_SEQ_1_ENABLE bound to: 4'b1111 
	Parameter CLK_COR_SEQ_2_1 bound to: 10'b0100000000 
	Parameter CLK_COR_SEQ_2_2 bound to: 10'b0000000000 
	Parameter CLK_COR_SEQ_2_3 bound to: 10'b0000000000 
	Parameter CLK_COR_SEQ_2_4 bound to: 10'b0000000000 
	Parameter CLK_COR_SEQ_2_ENABLE bound to: 4'b1111 
	Parameter CLK_COR_SEQ_2_USE bound to: FALSE - type: string 
	Parameter CLK_COR_SEQ_LEN bound to: 1 - type: integer 
	Parameter CPLL_CFG bound to: 24'b101111000000011111011100 
	Parameter CPLL_FBDIV bound to: 4 - type: integer 
	Parameter CPLL_FBDIV_45 bound to: 5 - type: integer 
	Parameter CPLL_INIT_CFG bound to: 24'b000000000000000000011110 
	Parameter CPLL_LOCK_CFG bound to: 16'b0000000111101000 
	Parameter CPLL_REFCLK_DIV bound to: 1 - type: integer 
	Parameter DEC_MCOMMA_DETECT bound to: TRUE - type: string 
	Parameter DEC_PCOMMA_DETECT bound to: TRUE - type: string 
	Parameter DEC_VALID_COMMA_ONLY bound to: FALSE - type: string 
	Parameter DMONITOR_CFG bound to: 24'b000000000000101000000000 
	Parameter ES_CONTROL bound to: 6'b000000 
	Parameter ES_ERRDET_EN bound to: FALSE - type: string 
	Parameter ES_EYE_SCAN_EN bound to: TRUE - type: string 
	Parameter ES_HORZ_OFFSET bound to: 12'b000000000000 
	Parameter ES_PMA_CFG bound to: 10'b0000000000 
	Parameter ES_PRESCALE bound to: 5'b00000 
	Parameter ES_QUALIFIER bound to: 80'b00000000000000000000000000000000000000000000000000000000000000000000000000000000 
	Parameter ES_QUAL_MASK bound to: 80'b00000000000000000000000000000000000000000000000000000000000000000000000000000000 
	Parameter ES_SDATA_MASK bound to: 80'b00000000000000000000000000000000000000000000000000000000000000000000000000000000 
	Parameter ES_VERT_OFFSET bound to: 9'b000000000 
	Parameter FTS_DESKEW_SEQ_ENABLE bound to: 4'b1111 
	Parameter FTS_LANE_DESKEW_CFG bound to: 4'b1111 
	Parameter FTS_LANE_DESKEW_EN bound to: FALSE - type: string 
	Parameter GEARBOX_MODE bound to: 3'b000 
	Parameter OUTREFCLK_SEL_INV bound to: 2'b11 
	Parameter PCS_PCIE_EN bound to: FALSE - type: string 
	Parameter PCS_RSVD_ATTR bound to: 48'b000000000000000000000000000000000000000000000000 
	Parameter PD_TRANS_TIME_FROM_P2 bound to: 12'b000000111100 
	Parameter PD_TRANS_TIME_NONE_P2 bound to: 8'b00111100 
	Parameter PD_TRANS_TIME_TO_P2 bound to: 8'b01100100 
	Parameter PMA_RSV bound to: 1994880 - type: integer 
	Parameter PMA_RSV2 bound to: 16'b0010000001010000 
	Parameter PMA_RSV3 bound to: 2'b00 
	Parameter PMA_RSV4 bound to: 32'b00000000000000000000000000000000 
	Parameter RXBUFRESET_TIME bound to: 5'b00001 
	Parameter RXBUF_ADDR_MODE bound to: FAST - type: string 
	Parameter RXBUF_EIDLE_HI_CNT bound to: 4'b1000 
	Parameter RXBUF_EIDLE_LO_CNT bound to: 4'b0000 
	Parameter RXBUF_EN bound to: TRUE - type: string 
	Parameter RXBUF_RESET_ON_CB_CHANGE bound to: TRUE - type: string 
	Parameter RXBUF_RESET_ON_COMMAALIGN bound to: FALSE - type: string 
	Parameter RXBUF_RESET_ON_EIDLE bound to: FALSE - type: string 
	Parameter RXBUF_RESET_ON_RATE_CHANGE bound to: TRUE - type: string 
	Parameter RXBUF_THRESH_OVFLW bound to: 61 - type: integer 
	Parameter RXBUF_THRESH_OVRD bound to: FALSE - type: string 
	Parameter RXBUF_THRESH_UNDFLW bound to: 4 - type: integer 
	Parameter RXCDRFREQRESET_TIME bound to: 5'b00001 
	Parameter RXCDRPHRESET_TIME bound to: 5'b00001 
	Parameter RXCDR_CFG bound to: 72'b000010110000000000000000001000111111111100010000010000000000000000100000 
	Parameter RXCDR_FR_RESET_ON_EIDLE bound to: 1'b0 
	Parameter RXCDR_HOLD_DURING_EIDLE bound to: 1'b0 
	Parameter RXCDR_LOCK_CFG bound to: 6'b010101 
	Parameter RXCDR_PH_RESET_ON_EIDLE bound to: 1'b0 
	Parameter RXDFELPMRESET_TIME bound to: 7'b0001111 
	Parameter RXDLY_CFG bound to: 16'b0000000000011111 
	Parameter RXDLY_LCFG bound to: 12'b000000110000 
	Parameter RXDLY_TAP_CFG bound to: 16'b0000000000000000 
	Parameter RXGEARBOX_EN bound to: FALSE - type: string 
	Parameter RXISCANRESET_TIME bound to: 5'b00001 
	Parameter RXLPM_HF_CFG bound to: 14'b00000011110000 
	Parameter RXLPM_LF_CFG bound to: 14'b00000011110000 
	Parameter RXOOB_CFG bound to: 7'b0000110 
	Parameter RXOUT_DIV bound to: 1 - type: integer 
	Parameter RXPCSRESET_TIME bound to: 5'b00001 
	Parameter RXPHDLY_CFG bound to: 24'b000010000100000000100000 
	Parameter RXPH_CFG bound to: 24'b000000000000000000000000 
	Parameter RXPH_MONITOR_SEL bound to: 5'b00000 
	Parameter RXPMARESET_TIME bound to: 5'b00011 
	Parameter RXPRBS_ERR_LOOPBACK bound to: 1'b0 
	Parameter RXSLIDE_AUTO_WAIT bound to: 7 - type: integer 
	Parameter RXSLIDE_MODE bound to: PCS - type: string 
	Parameter RX_BIAS_CFG bound to: 12'b000000000100 
	Parameter RX_BUFFER_CFG bound to: 6'b000000 
	Parameter RX_CLK25_DIV bound to: 11 - type: integer 
	Parameter RX_CLKMUX_PD bound to: 1'b1 
	Parameter RX_CM_SEL bound to: 2'b00 
	Parameter RX_CM_TRIM bound to: 3'b010 
	Parameter RX_DATA_WIDTH bound to: 40 - type: integer 
	Parameter RX_DDI_SEL bound to: 6'b000000 
	Parameter RX_DEBUG_CFG bound to: 12'b000000000000 
	Parameter RX_DEFER_RESET_BUF_EN bound to: TRUE - type: string 
	Parameter RX_DFE_GAIN_CFG bound to: 24'b000000100000111111101010 
	Parameter RX_DFE_H2_CFG bound to: 12'b000000000000 
	Parameter RX_DFE_H3_CFG bound to: 12'b000001000000 
	Parameter RX_DFE_H4_CFG bound to: 11'b00011110000 
	Parameter RX_DFE_H5_CFG bound to: 11'b00011100000 
	Parameter RX_DFE_KL_CFG bound to: 13'b0000011111110 
	Parameter RX_DFE_KL_CFG2 bound to: 806439084 - type: integer 
	Parameter RX_DFE_LPM_CFG bound to: 16'b0000000100000100 
	Parameter RX_DFE_LPM_HOLD_DURING_EIDLE bound to: 1'b0 
	Parameter RX_DFE_UT_CFG bound to: 17'b10001111000000000 
	Parameter RX_DFE_VP_CFG bound to: 17'b00011111100000011 
	Parameter RX_DFE_XYD_CFG bound to: 13'b0000000000000 
	Parameter RX_DISPERR_SEQ_MATCH bound to: TRUE - type: string 
	Parameter RX_INT_DATAWIDTH bound to: 1 - type: integer 
	Parameter RX_OS_CFG bound to: 13'b0000010000000 
	Parameter RX_SIG_VALID_DLY bound to: 10 - type: integer 
	Parameter RX_XCLK_SEL bound to: RXREC - type: string 
	Parameter SAS_MAX_COM bound to: 64 - type: integer 
	Parameter SAS_MIN_COM bound to: 36 - type: integer 
	Parameter SATA_BURST_SEQ_LEN bound to: 4'b0101 
	Parameter SATA_BURST_VAL bound to: 3'b100 
	Parameter SATA_CPLL_CFG bound to: VCO_3000MHZ - type: string 
	Parameter SATA_EIDLE_VAL bound to: 3'b100 
	Parameter SATA_MAX_BURST bound to: 8 - type: integer 
	Parameter SATA_MAX_INIT bound to: 21 - type: integer 
	Parameter SATA_MAX_WAKE bound to: 7 - type: integer 
	Parameter SATA_MIN_BURST bound to: 4 - type: integer 
	Parameter SATA_MIN_INIT bound to: 12 - type: integer 
	Parameter SATA_MIN_WAKE bound to: 4 - type: integer 
	Parameter SHOW_REALIGN_COMMA bound to: FALSE - type: string 
	Parameter SIM_CPLLREFCLK_SEL bound to: 3'b001 
	Parameter SIM_RECEIVER_DETECT_PASS bound to: TRUE - type: string 
	Parameter SIM_RESET_SPEEDUP bound to: TRUE - type: string 
	Parameter SIM_TX_EIDLE_DRIVE_LEVEL bound to: X - type: string 
	Parameter SIM_VERSION bound to: 4.0 - type: string 
	Parameter TERM_RCAL_CFG bound to: 5'b10000 
	Parameter TERM_RCAL_OVRD bound to: 1'b0 
	Parameter TRANS_TIME_RATE bound to: 8'b00001110 
	Parameter TST_RSV bound to: 32'b00000000000000000000000000000000 
	Parameter TXBUF_EN bound to: TRUE - type: string 
	Parameter TXBUF_RESET_ON_RATE_CHANGE bound to: TRUE - type: string 
	Parameter TXDLY_CFG bound to: 16'b0000000000011111 
	Parameter TXDLY_LCFG bound to: 12'b000000110000 
	Parameter TXDLY_TAP_CFG bound to: 16'b0000000000000000 
	Parameter TXGEARBOX_EN bound to: FALSE - type: string 
	Parameter TXOUT_DIV bound to: 1 - type: integer 
	Parameter TXPCSRESET_TIME bound to: 5'b00001 
	Parameter TXPHDLY_CFG bound to: 24'b000010000100000000100000 
	Parameter TXPH_CFG bound to: 16'b0000011110000000 
	Parameter TXPH_MONITOR_SEL bound to: 5'b00000 
	Parameter TXPMARESET_TIME bound to: 5'b00001 
	Parameter TX_CLK25_DIV bound to: 11 - type: integer 
	Parameter TX_CLKMUX_PD bound to: 1'b1 
	Parameter TX_DATA_WIDTH bound to: 40 - type: integer 
	Parameter TX_DEEMPH0 bound to: 5'b00000 
	Parameter TX_DEEMPH1 bound to: 5'b00000 
	Parameter TX_DRIVE_MODE bound to: DIRECT - type: string 
	Parameter TX_EIDLE_ASSERT_DELAY bound to: 3'b110 
	Parameter TX_EIDLE_DEASSERT_DELAY bound to: 3'b100 
	Parameter TX_INT_DATAWIDTH bound to: 1 - type: integer 
	Parameter TX_LOOPBACK_DRIVE_HIZ bound to: FALSE - type: string 
	Parameter TX_MAINCURSOR_SEL bound to: 1'b0 
	Parameter TX_MARGIN_FULL_0 bound to: 7'b1001110 
	Parameter TX_MARGIN_FULL_1 bound to: 7'b1001001 
	Parameter TX_MARGIN_FULL_2 bound to: 7'b1000101 
	Parameter TX_MARGIN_FULL_3 bound to: 7'b1000010 
	Parameter TX_MARGIN_FULL_4 bound to: 7'b1000000 
	Parameter TX_MARGIN_LOW_0 bound to: 7'b1000110 
	Parameter TX_MARGIN_LOW_1 bound to: 7'b1000100 
	Parameter TX_MARGIN_LOW_2 bound to: 7'b1000010 
	Parameter TX_MARGIN_LOW_3 bound to: 7'b1000000 
	Parameter TX_MARGIN_LOW_4 bound to: 7'b1000000 
	Parameter TX_PREDRIVER_MODE bound to: 1'b0 
	Parameter TX_QPI_STATUS_EN bound to: 1'b0 
	Parameter TX_RXDETECT_CFG bound to: 16'b0001100000110010 
	Parameter TX_RXDETECT_REF bound to: 3'b100 
	Parameter TX_XCLK_SEL bound to: TXOUT - type: string 
	Parameter UCODEER_CLR bound to: 1'b0 
INFO: [Synth 8-113] binding component instance 'gtxe2_i' to cell 'GTXE2_CHANNEL' [c:/4dsp_test/527_vc707_fmc216/output/vc707_fmc216_vivado/Src/sip_fmc216_8lane/xcvr_fmc216/xcvr_fmc216_gt.vhd:212]
INFO: [Synth 8-256] done synthesizing module 'xcvr_fmc216_GT' (4#1) [c:/4dsp_test/527_vc707_fmc216/output/vc707_fmc216_vivado/Src/sip_fmc216_8lane/xcvr_fmc216/xcvr_fmc216_gt.vhd:167]
	Parameter GT_SIM_GTRESET_SPEEDUP bound to: TRUE - type: string 
	Parameter RX_DFE_KL_CFG2_IN bound to: 806439084 - type: integer 
	Parameter PMA_RSV_IN bound to: 1994880 - type: integer 
	Parameter SIM_CPLLREFCLK_SEL bound to: 3'b001 
	Parameter PCS_RSVD_ATTR_IN bound to: 48'b000000000000000000000000000000000000000000000000 
INFO: [Synth 8-3491] module 'xcvr_fmc216_GT' declared at 'c:/4dsp_test/527_vc707_fmc216/output/vc707_fmc216_vivado/Src/sip_fmc216_8lane/xcvr_fmc216/xcvr_fmc216_gt.vhd:72' bound to instance 'gt1_xcvr_fmc216_i' of component 'xcvr_fmc216_GT' [c:/4dsp_test/527_vc707_fmc216/output/vc707_fmc216_vivado/Src/sip_fmc216_8lane/xcvr_fmc216/xcvr_fmc216_multi_gt.vhd:1022]
	Parameter GT_SIM_GTRESET_SPEEDUP bound to: TRUE - type: string 
	Parameter RX_DFE_KL_CFG2_IN bound to: 806439084 - type: integer 
	Parameter PMA_RSV_IN bound to: 1994880 - type: integer 
	Parameter SIM_CPLLREFCLK_SEL bound to: 3'b001 
	Parameter PCS_RSVD_ATTR_IN bound to: 48'b000000000000000000000000000000000000000000000000 
INFO: [Synth 8-3491] module 'xcvr_fmc216_GT' declared at 'c:/4dsp_test/527_vc707_fmc216/output/vc707_fmc216_vivado/Src/sip_fmc216_8lane/xcvr_fmc216/xcvr_fmc216_gt.vhd:72' bound to instance 'gt2_xcvr_fmc216_i' of component 'xcvr_fmc216_GT' [c:/4dsp_test/527_vc707_fmc216/output/vc707_fmc216_vivado/Src/sip_fmc216_8lane/xcvr_fmc216/xcvr_fmc216_multi_gt.vhd:1119]
	Parameter GT_SIM_GTRESET_SPEEDUP bound to: TRUE - type: string 
	Parameter RX_DFE_KL_CFG2_IN bound to: 806439084 - type: integer 
	Parameter PMA_RSV_IN bound to: 1994880 - type: integer 
	Parameter SIM_CPLLREFCLK_SEL bound to: 3'b001 
	Parameter PCS_RSVD_ATTR_IN bound to: 48'b000000000000000000000000000000000000000000000000 
INFO: [Synth 8-3491] module 'xcvr_fmc216_GT' declared at 'c:/4dsp_test/527_vc707_fmc216/output/vc707_fmc216_vivado/Src/sip_fmc216_8lane/xcvr_fmc216/xcvr_fmc216_gt.vhd:72' bound to instance 'gt3_xcvr_fmc216_i' of component 'xcvr_fmc216_GT' [c:/4dsp_test/527_vc707_fmc216/output/vc707_fmc216_vivado/Src/sip_fmc216_8lane/xcvr_fmc216/xcvr_fmc216_multi_gt.vhd:1216]
	Parameter GT_SIM_GTRESET_SPEEDUP bound to: TRUE - type: string 
	Parameter RX_DFE_KL_CFG2_IN bound to: 806439084 - type: integer 
	Parameter PMA_RSV_IN bound to: 1994880 - type: integer 
	Parameter SIM_CPLLREFCLK_SEL bound to: 3'b001 
	Parameter PCS_RSVD_ATTR_IN bound to: 48'b000000000000000000000000000000000000000000000000 
INFO: [Synth 8-3491] module 'xcvr_fmc216_GT' declared at 'c:/4dsp_test/527_vc707_fmc216/output/vc707_fmc216_vivado/Src/sip_fmc216_8lane/xcvr_fmc216/xcvr_fmc216_gt.vhd:72' bound to instance 'gt4_xcvr_fmc216_i' of component 'xcvr_fmc216_GT' [c:/4dsp_test/527_vc707_fmc216/output/vc707_fmc216_vivado/Src/sip_fmc216_8lane/xcvr_fmc216/xcvr_fmc216_multi_gt.vhd:1313]
	Parameter GT_SIM_GTRESET_SPEEDUP bound to: TRUE - type: string 
	Parameter RX_DFE_KL_CFG2_IN bound to: 806439084 - type: integer 
	Parameter PMA_RSV_IN bound to: 1994880 - type: integer 
	Parameter SIM_CPLLREFCLK_SEL bound to: 3'b001 
	Parameter PCS_RSVD_ATTR_IN bound to: 48'b000000000000000000000000000000000000000000000000 
INFO: [Synth 8-3491] module 'xcvr_fmc216_GT' declared at 'c:/4dsp_test/527_vc707_fmc216/output/vc707_fmc216_vivado/Src/sip_fmc216_8lane/xcvr_fmc216/xcvr_fmc216_gt.vhd:72' bound to instance 'gt5_xcvr_fmc216_i' of component 'xcvr_fmc216_GT' [c:/4dsp_test/527_vc707_fmc216/output/vc707_fmc216_vivado/Src/sip_fmc216_8lane/xcvr_fmc216/xcvr_fmc216_multi_gt.vhd:1410]
	Parameter GT_SIM_GTRESET_SPEEDUP bound to: TRUE - type: string 
	Parameter RX_DFE_KL_CFG2_IN bound to: 806439084 - type: integer 
	Parameter PMA_RSV_IN bound to: 1994880 - type: integer 
	Parameter SIM_CPLLREFCLK_SEL bound to: 3'b001 
	Parameter PCS_RSVD_ATTR_IN bound to: 48'b000000000000000000000000000000000000000000000000 
INFO: [Synth 8-3491] module 'xcvr_fmc216_GT' declared at 'c:/4dsp_test/527_vc707_fmc216/output/vc707_fmc216_vivado/Src/sip_fmc216_8lane/xcvr_fmc216/xcvr_fmc216_gt.vhd:72' bound to instance 'gt6_xcvr_fmc216_i' of component 'xcvr_fmc216_GT' [c:/4dsp_test/527_vc707_fmc216/output/vc707_fmc216_vivado/Src/sip_fmc216_8lane/xcvr_fmc216/xcvr_fmc216_multi_gt.vhd:1507]
	Parameter GT_SIM_GTRESET_SPEEDUP bound to: TRUE - type: string 
	Parameter RX_DFE_KL_CFG2_IN bound to: 806439084 - type: integer 
	Parameter PMA_RSV_IN bound to: 1994880 - type: integer 
	Parameter SIM_CPLLREFCLK_SEL bound to: 3'b001 
	Parameter PCS_RSVD_ATTR_IN bound to: 48'b000000000000000000000000000000000000000000000000 
INFO: [Synth 8-3491] module 'xcvr_fmc216_GT' declared at 'c:/4dsp_test/527_vc707_fmc216/output/vc707_fmc216_vivado/Src/sip_fmc216_8lane/xcvr_fmc216/xcvr_fmc216_gt.vhd:72' bound to instance 'gt7_xcvr_fmc216_i' of component 'xcvr_fmc216_GT' [c:/4dsp_test/527_vc707_fmc216/output/vc707_fmc216_vivado/Src/sip_fmc216_8lane/xcvr_fmc216/xcvr_fmc216_multi_gt.vhd:1604]
INFO: [Synth 8-256] done synthesizing module 'xcvr_fmc216_multi_gt' (5#1) [c:/4dsp_test/527_vc707_fmc216/output/vc707_fmc216_vivado/Src/sip_fmc216_8lane/xcvr_fmc216/xcvr_fmc216_multi_gt.vhd:699]
	Parameter EXAMPLE_SIMULATION bound to: 0 - type: integer 
	Parameter STABLE_CLOCK_PERIOD bound to: 8 - type: integer 
	Parameter RETRY_COUNTER_BITWIDTH bound to: 8 - type: integer 
	Parameter TX_QPLL_USED bound to: 1 - type: bool 
	Parameter RX_QPLL_USED bound to: 1 - type: bool 
	Parameter PHASE_ALIGNMENT_MANUAL bound to: 0 - type: bool 
INFO: [Synth 8-3491] module 'xcvr_fmc216_TX_STARTUP_FSM' declared at 'c:/4dsp_test/527_vc707_fmc216/output/vc707_fmc216_vivado/Src/sip_fmc216_8lane/xcvr_fmc216/xcvr_fmc216/example_design/xcvr_fmc216_tx_startup_fsm.vhd:74' bound to instance 'gt0_txresetfsm_i' of component 'xcvr_fmc216_TX_STARTUP_FSM' [c:/4dsp_test/527_vc707_fmc216/output/vc707_fmc216_vivado/Src/sip_fmc216_8lane/xcvr_fmc216/xcvr_fmc216_init.vhd:2494]
INFO: [Synth 8-638] synthesizing module 'xcvr_fmc216_TX_STARTUP_FSM' [c:/4dsp_test/527_vc707_fmc216/output/vc707_fmc216_vivado/Src/sip_fmc216_8lane/xcvr_fmc216/xcvr_fmc216/example_design/xcvr_fmc216_tx_startup_fsm.vhd:120]
INFO: [Synth 8-3491] module 'xcvr_fmc216_sync_block' declared at 'c:/4dsp_test/527_vc707_fmc216/output/vc707_fmc216_vivado/Src/sip_fmc216_8lane/xcvr_fmc216/xcvr_fmc216/example_design/xcvr_fmc216_sync_block.vhd:81' bound to instance 'sync_run_phase_alignment_int' of component 'xcvr_fmc216_sync_block' [c:/4dsp_test/527_vc707_fmc216/output/vc707_fmc216_vivado/Src/sip_fmc216_8lane/xcvr_fmc216/xcvr_fmc216/example_design/xcvr_fmc216_tx_startup_fsm.vhd:276]
INFO: [Synth 8-638] synthesizing module 'xcvr_fmc216_sync_block' [c:/4dsp_test/527_vc707_fmc216/output/vc707_fmc216_vivado/Src/sip_fmc216_8lane/xcvr_fmc216/xcvr_fmc216/example_design/xcvr_fmc216_sync_block.vhd:97]
	Parameter INIT bound to: 1'b0 
INFO: [Synth 8-113] binding component instance 'data_sync_reg1' to cell 'FD' [c:/4dsp_test/527_vc707_fmc216/output/vc707_fmc216_vivado/Src/sip_fmc216_8lane/xcvr_fmc216/xcvr_fmc216/example_design/xcvr_fmc216_sync_block.vhd:130]
	Parameter INIT bound to: 1'b0 
INFO: [Synth 8-113] binding component instance 'data_sync_reg2' to cell 'FD' [c:/4dsp_test/527_vc707_fmc216/output/vc707_fmc216_vivado/Src/sip_fmc216_8lane/xcvr_fmc216/xcvr_fmc216/example_design/xcvr_fmc216_sync_block.vhd:140]
	Parameter INIT bound to: 1'b0 
INFO: [Synth 8-113] binding component instance 'data_sync_reg3' to cell 'FD' [c:/4dsp_test/527_vc707_fmc216/output/vc707_fmc216_vivado/Src/sip_fmc216_8lane/xcvr_fmc216/xcvr_fmc216/example_design/xcvr_fmc216_sync_block.vhd:150]
	Parameter INIT bound to: 1'b0 
INFO: [Synth 8-113] binding component instance 'data_sync_reg4' to cell 'FD' [c:/4dsp_test/527_vc707_fmc216/output/vc707_fmc216_vivado/Src/sip_fmc216_8lane/xcvr_fmc216/xcvr_fmc216/example_design/xcvr_fmc216_sync_block.vhd:160]
	Parameter INIT bound to: 1'b0 
INFO: [Synth 8-113] binding component instance 'data_sync_reg5' to cell 'FD' [c:/4dsp_test/527_vc707_fmc216/output/vc707_fmc216_vivado/Src/sip_fmc216_8lane/xcvr_fmc216/xcvr_fmc216/example_design/xcvr_fmc216_sync_block.vhd:170]
	Parameter INIT bound to: 1'b0 
INFO: [Synth 8-113] binding component instance 'data_sync_reg6' to cell 'FD' [c:/4dsp_test/527_vc707_fmc216/output/vc707_fmc216_vivado/Src/sip_fmc216_8lane/xcvr_fmc216/xcvr_fmc216/example_design/xcvr_fmc216_sync_block.vhd:180]
INFO: [Synth 8-256] done synthesizing module 'xcvr_fmc216_sync_block' (6#1) [c:/4dsp_test/527_vc707_fmc216/output/vc707_fmc216_vivado/Src/sip_fmc216_8lane/xcvr_fmc216/xcvr_fmc216/example_design/xcvr_fmc216_sync_block.vhd:97]
INFO: [Synth 8-3491] module 'xcvr_fmc216_sync_block' declared at 'c:/4dsp_test/527_vc707_fmc216/output/vc707_fmc216_vivado/Src/sip_fmc216_8lane/xcvr_fmc216/xcvr_fmc216/example_design/xcvr_fmc216_sync_block.vhd:81' bound to instance 'sync_tx_fsm_reset_done_int' of component 'xcvr_fmc216_sync_block' [c:/4dsp_test/527_vc707_fmc216/output/vc707_fmc216_vivado/Src/sip_fmc216_8lane/xcvr_fmc216/xcvr_fmc216/example_design/xcvr_fmc216_tx_startup_fsm.vhd:284]
INFO: [Synth 8-3491] module 'xcvr_fmc216_sync_block' declared at 'c:/4dsp_test/527_vc707_fmc216/output/vc707_fmc216_vivado/Src/sip_fmc216_8lane/xcvr_fmc216/xcvr_fmc216/example_design/xcvr_fmc216_sync_block.vhd:81' bound to instance 'sync_TXRESETDONE' of component 'xcvr_fmc216_sync_block' [c:/4dsp_test/527_vc707_fmc216/output/vc707_fmc216_vivado/Src/sip_fmc216_8lane/xcvr_fmc216/xcvr_fmc216/example_design/xcvr_fmc216_tx_startup_fsm.vhd:301]
INFO: [Synth 8-3491] module 'xcvr_fmc216_sync_block' declared at 'c:/4dsp_test/527_vc707_fmc216/output/vc707_fmc216_vivado/Src/sip_fmc216_8lane/xcvr_fmc216/xcvr_fmc216/example_design/xcvr_fmc216_sync_block.vhd:81' bound to instance 'sync_time_out_wait_bypass' of component 'xcvr_fmc216_sync_block' [c:/4dsp_test/527_vc707_fmc216/output/vc707_fmc216_vivado/Src/sip_fmc216_8lane/xcvr_fmc216/xcvr_fmc216/example_design/xcvr_fmc216_tx_startup_fsm.vhd:309]
INFO: [Synth 8-3491] module 'xcvr_fmc216_sync_block' declared at 'c:/4dsp_test/527_vc707_fmc216/output/vc707_fmc216_vivado/Src/sip_fmc216_8lane/xcvr_fmc216/xcvr_fmc216/example_design/xcvr_fmc216_sync_block.vhd:81' bound to instance 'sync_mmcm_lock_reclocked' of component 'xcvr_fmc216_sync_block' [c:/4dsp_test/527_vc707_fmc216/output/vc707_fmc216_vivado/Src/sip_fmc216_8lane/xcvr_fmc216/xcvr_fmc216/example_design/xcvr_fmc216_tx_startup_fsm.vhd:317]
INFO: [Synth 8-3491] module 'xcvr_fmc216_sync_block' declared at 'c:/4dsp_test/527_vc707_fmc216/output/vc707_fmc216_vivado/Src/sip_fmc216_8lane/xcvr_fmc216/xcvr_fmc216/example_design/xcvr_fmc216_sync_block.vhd:81' bound to instance 'sync_CPLLLOCK' of component 'xcvr_fmc216_sync_block' [c:/4dsp_test/527_vc707_fmc216/output/vc707_fmc216_vivado/Src/sip_fmc216_8lane/xcvr_fmc216/xcvr_fmc216/example_design/xcvr_fmc216_tx_startup_fsm.vhd:337]
INFO: [Synth 8-3491] module 'xcvr_fmc216_sync_block' declared at 'c:/4dsp_test/527_vc707_fmc216/output/vc707_fmc216_vivado/Src/sip_fmc216_8lane/xcvr_fmc216/xcvr_fmc216/example_design/xcvr_fmc216_sync_block.vhd:81' bound to instance 'sync_QPLLLOCK' of component 'xcvr_fmc216_sync_block' [c:/4dsp_test/527_vc707_fmc216/output/vc707_fmc216_vivado/Src/sip_fmc216_8lane/xcvr_fmc216/xcvr_fmc216/example_design/xcvr_fmc216_tx_startup_fsm.vhd:345]
WARNING: [Synth 8-6014] Unused sequential element cplllock_prev_reg was removed.  [c:/4dsp_test/527_vc707_fmc216/output/vc707_fmc216_vivado/Src/sip_fmc216_8lane/xcvr_fmc216/xcvr_fmc216/example_design/xcvr_fmc216_tx_startup_fsm.vhd:332]
WARNING: [Synth 8-6014] Unused sequential element qplllock_prev_reg was removed.  [c:/4dsp_test/527_vc707_fmc216/output/vc707_fmc216_vivado/Src/sip_fmc216_8lane/xcvr_fmc216/xcvr_fmc216/example_design/xcvr_fmc216_tx_startup_fsm.vhd:333]
WARNING: [Synth 8-6014] Unused sequential element cplllock_ris_edge_reg was removed.  [c:/4dsp_test/527_vc707_fmc216/output/vc707_fmc216_vivado/Src/sip_fmc216_8lane/xcvr_fmc216/xcvr_fmc216/example_design/xcvr_fmc216_tx_startup_fsm.vhd:358]
WARNING: [Synth 8-6014] Unused sequential element qplllock_ris_edge_reg was removed.  [c:/4dsp_test/527_vc707_fmc216/output/vc707_fmc216_vivado/Src/sip_fmc216_8lane/xcvr_fmc216/xcvr_fmc216/example_design/xcvr_fmc216_tx_startup_fsm.vhd:373]
INFO: [Synth 8-256] done synthesizing module 'xcvr_fmc216_TX_STARTUP_FSM' (7#1) [c:/4dsp_test/527_vc707_fmc216/output/vc707_fmc216_vivado/Src/sip_fmc216_8lane/xcvr_fmc216/xcvr_fmc216/example_design/xcvr_fmc216_tx_startup_fsm.vhd:120]
	Parameter EXAMPLE_SIMULATION bound to: 0 - type: integer 
	Parameter STABLE_CLOCK_PERIOD bound to: 8 - type: integer 
	Parameter RETRY_COUNTER_BITWIDTH bound to: 8 - type: integer 
	Parameter TX_QPLL_USED bound to: 1 - type: bool 
	Parameter RX_QPLL_USED bound to: 1 - type: bool 
	Parameter PHASE_ALIGNMENT_MANUAL bound to: 0 - type: bool 
INFO: [Synth 8-3491] module 'xcvr_fmc216_TX_STARTUP_FSM' declared at 'c:/4dsp_test/527_vc707_fmc216/output/vc707_fmc216_vivado/Src/sip_fmc216_8lane/xcvr_fmc216/xcvr_fmc216/example_design/xcvr_fmc216_tx_startup_fsm.vhd:74' bound to instance 'gt1_txresetfsm_i' of component 'xcvr_fmc216_TX_STARTUP_FSM' [c:/4dsp_test/527_vc707_fmc216/output/vc707_fmc216_vivado/Src/sip_fmc216_8lane/xcvr_fmc216/xcvr_fmc216_init.vhd:2528]
	Parameter EXAMPLE_SIMULATION bound to: 0 - type: integer 
	Parameter STABLE_CLOCK_PERIOD bound to: 8 - type: integer 
	Parameter RETRY_COUNTER_BITWIDTH bound to: 8 - type: integer 
	Parameter TX_QPLL_USED bound to: 1 - type: bool 
	Parameter RX_QPLL_USED bound to: 1 - type: bool 
	Parameter PHASE_ALIGNMENT_MANUAL bound to: 0 - type: bool 
INFO: [Synth 8-3491] module 'xcvr_fmc216_TX_STARTUP_FSM' declared at 'c:/4dsp_test/527_vc707_fmc216/output/vc707_fmc216_vivado/Src/sip_fmc216_8lane/xcvr_fmc216/xcvr_fmc216/example_design/xcvr_fmc216_tx_startup_fsm.vhd:74' bound to instance 'gt2_txresetfsm_i' of component 'xcvr_fmc216_TX_STARTUP_FSM' [c:/4dsp_test/527_vc707_fmc216/output/vc707_fmc216_vivado/Src/sip_fmc216_8lane/xcvr_fmc216/xcvr_fmc216_init.vhd:2562]
	Parameter EXAMPLE_SIMULATION bound to: 0 - type: integer 
	Parameter STABLE_CLOCK_PERIOD bound to: 8 - type: integer 
	Parameter RETRY_COUNTER_BITWIDTH bound to: 8 - type: integer 
	Parameter TX_QPLL_USED bound to: 1 - type: bool 
	Parameter RX_QPLL_USED bound to: 1 - type: bool 
	Parameter PHASE_ALIGNMENT_MANUAL bound to: 0 - type: bool 
INFO: [Synth 8-3491] module 'xcvr_fmc216_TX_STARTUP_FSM' declared at 'c:/4dsp_test/527_vc707_fmc216/output/vc707_fmc216_vivado/Src/sip_fmc216_8lane/xcvr_fmc216/xcvr_fmc216/example_design/xcvr_fmc216_tx_startup_fsm.vhd:74' bound to instance 'gt3_txresetfsm_i' of component 'xcvr_fmc216_TX_STARTUP_FSM' [c:/4dsp_test/527_vc707_fmc216/output/vc707_fmc216_vivado/Src/sip_fmc216_8lane/xcvr_fmc216/xcvr_fmc216_init.vhd:2596]
	Parameter EXAMPLE_SIMULATION bound to: 0 - type: integer 
	Parameter STABLE_CLOCK_PERIOD bound to: 8 - type: integer 
	Parameter RETRY_COUNTER_BITWIDTH bound to: 8 - type: integer 
	Parameter TX_QPLL_USED bound to: 1 - type: bool 
	Parameter RX_QPLL_USED bound to: 1 - type: bool 
	Parameter PHASE_ALIGNMENT_MANUAL bound to: 0 - type: bool 
INFO: [Synth 8-3491] module 'xcvr_fmc216_TX_STARTUP_FSM' declared at 'c:/4dsp_test/527_vc707_fmc216/output/vc707_fmc216_vivado/Src/sip_fmc216_8lane/xcvr_fmc216/xcvr_fmc216/example_design/xcvr_fmc216_tx_startup_fsm.vhd:74' bound to instance 'gt4_txresetfsm_i' of component 'xcvr_fmc216_TX_STARTUP_FSM' [c:/4dsp_test/527_vc707_fmc216/output/vc707_fmc216_vivado/Src/sip_fmc216_8lane/xcvr_fmc216/xcvr_fmc216_init.vhd:2630]
	Parameter EXAMPLE_SIMULATION bound to: 0 - type: integer 
	Parameter STABLE_CLOCK_PERIOD bound to: 8 - type: integer 
	Parameter RETRY_COUNTER_BITWIDTH bound to: 8 - type: integer 
	Parameter TX_QPLL_USED bound to: 1 - type: bool 
	Parameter RX_QPLL_USED bound to: 1 - type: bool 
	Parameter PHASE_ALIGNMENT_MANUAL bound to: 0 - type: bool 
INFO: [Synth 8-3491] module 'xcvr_fmc216_TX_STARTUP_FSM' declared at 'c:/4dsp_test/527_vc707_fmc216/output/vc707_fmc216_vivado/Src/sip_fmc216_8lane/xcvr_fmc216/xcvr_fmc216/example_design/xcvr_fmc216_tx_startup_fsm.vhd:74' bound to instance 'gt5_txresetfsm_i' of component 'xcvr_fmc216_TX_STARTUP_FSM' [c:/4dsp_test/527_vc707_fmc216/output/vc707_fmc216_vivado/Src/sip_fmc216_8lane/xcvr_fmc216/xcvr_fmc216_init.vhd:2664]
	Parameter EXAMPLE_SIMULATION bound to: 0 - type: integer 
	Parameter STABLE_CLOCK_PERIOD bound to: 8 - type: integer 
	Parameter RETRY_COUNTER_BITWIDTH bound to: 8 - type: integer 
	Parameter TX_QPLL_USED bound to: 1 - type: bool 
	Parameter RX_QPLL_USED bound to: 1 - type: bool 
	Parameter PHASE_ALIGNMENT_MANUAL bound to: 0 - type: bool 
INFO: [Synth 8-3491] module 'xcvr_fmc216_TX_STARTUP_FSM' declared at 'c:/4dsp_test/527_vc707_fmc216/output/vc707_fmc216_vivado/Src/sip_fmc216_8lane/xcvr_fmc216/xcvr_fmc216/example_design/xcvr_fmc216_tx_startup_fsm.vhd:74' bound to instance 'gt6_txresetfsm_i' of component 'xcvr_fmc216_TX_STARTUP_FSM' [c:/4dsp_test/527_vc707_fmc216/output/vc707_fmc216_vivado/Src/sip_fmc216_8lane/xcvr_fmc216/xcvr_fmc216_init.vhd:2698]
	Parameter EXAMPLE_SIMULATION bound to: 0 - type: integer 
	Parameter STABLE_CLOCK_PERIOD bound to: 8 - type: integer 
	Parameter RETRY_COUNTER_BITWIDTH bound to: 8 - type: integer 
	Parameter TX_QPLL_USED bound to: 1 - type: bool 
	Parameter RX_QPLL_USED bound to: 1 - type: bool 
	Parameter PHASE_ALIGNMENT_MANUAL bound to: 0 - type: bool 
INFO: [Synth 8-3491] module 'xcvr_fmc216_TX_STARTUP_FSM' declared at 'c:/4dsp_test/527_vc707_fmc216/output/vc707_fmc216_vivado/Src/sip_fmc216_8lane/xcvr_fmc216/xcvr_fmc216/example_design/xcvr_fmc216_tx_startup_fsm.vhd:74' bound to instance 'gt7_txresetfsm_i' of component 'xcvr_fmc216_TX_STARTUP_FSM' [c:/4dsp_test/527_vc707_fmc216/output/vc707_fmc216_vivado/Src/sip_fmc216_8lane/xcvr_fmc216/xcvr_fmc216_init.vhd:2732]
	Parameter EXAMPLE_SIMULATION bound to: 0 - type: integer 
	Parameter EQ_MODE bound to: LPM - type: string 
	Parameter STABLE_CLOCK_PERIOD bound to: 8 - type: integer 
	Parameter RETRY_COUNTER_BITWIDTH bound to: 8 - type: integer 
	Parameter TX_QPLL_USED bound to: 1 - type: bool 
	Parameter RX_QPLL_USED bound to: 1 - type: bool 
	Parameter PHASE_ALIGNMENT_MANUAL bound to: 0 - type: bool 
INFO: [Synth 8-3491] module 'xcvr_fmc216_RX_STARTUP_FSM' declared at 'c:/4dsp_test/527_vc707_fmc216/output/vc707_fmc216_vivado/Src/sip_fmc216_8lane/xcvr_fmc216/xcvr_fmc216/example_design/xcvr_fmc216_rx_startup_fsm.vhd:76' bound to instance 'gt0_rxresetfsm_i' of component 'xcvr_fmc216_RX_STARTUP_FSM' [c:/4dsp_test/527_vc707_fmc216/output/vc707_fmc216_vivado/Src/sip_fmc216_8lane/xcvr_fmc216/xcvr_fmc216_init.vhd:2773]
INFO: [Synth 8-638] synthesizing module 'xcvr_fmc216_RX_STARTUP_FSM' [c:/4dsp_test/527_vc707_fmc216/output/vc707_fmc216_vivado/Src/sip_fmc216_8lane/xcvr_fmc216/xcvr_fmc216/example_design/xcvr_fmc216_rx_startup_fsm.vhd:131]
INFO: [Synth 8-3491] module 'xcvr_fmc216_sync_block' declared at 'c:/4dsp_test/527_vc707_fmc216/output/vc707_fmc216_vivado/Src/sip_fmc216_8lane/xcvr_fmc216/xcvr_fmc216/example_design/xcvr_fmc216_sync_block.vhd:81' bound to instance 'sync_run_phase_alignment_int' of component 'xcvr_fmc216_sync_block' [c:/4dsp_test/527_vc707_fmc216/output/vc707_fmc216_vivado/Src/sip_fmc216_8lane/xcvr_fmc216/xcvr_fmc216/example_design/xcvr_fmc216_rx_startup_fsm.vhd:370]
INFO: [Synth 8-3491] module 'xcvr_fmc216_sync_block' declared at 'c:/4dsp_test/527_vc707_fmc216/output/vc707_fmc216_vivado/Src/sip_fmc216_8lane/xcvr_fmc216/xcvr_fmc216/example_design/xcvr_fmc216_sync_block.vhd:81' bound to instance 'sync_rx_fsm_reset_done_int' of component 'xcvr_fmc216_sync_block' [c:/4dsp_test/527_vc707_fmc216/output/vc707_fmc216_vivado/Src/sip_fmc216_8lane/xcvr_fmc216/xcvr_fmc216/example_design/xcvr_fmc216_rx_startup_fsm.vhd:377]
INFO: [Synth 8-3491] module 'xcvr_fmc216_sync_block' declared at 'c:/4dsp_test/527_vc707_fmc216/output/vc707_fmc216_vivado/Src/sip_fmc216_8lane/xcvr_fmc216/xcvr_fmc216/example_design/xcvr_fmc216_sync_block.vhd:81' bound to instance 'sync_RXRESETDONE' of component 'xcvr_fmc216_sync_block' [c:/4dsp_test/527_vc707_fmc216/output/vc707_fmc216_vivado/Src/sip_fmc216_8lane/xcvr_fmc216/xcvr_fmc216/example_design/xcvr_fmc216_rx_startup_fsm.vhd:394]
INFO: [Synth 8-3491] module 'xcvr_fmc216_sync_block' declared at 'c:/4dsp_test/527_vc707_fmc216/output/vc707_fmc216_vivado/Src/sip_fmc216_8lane/xcvr_fmc216/xcvr_fmc216/example_design/xcvr_fmc216_sync_block.vhd:81' bound to instance 'sync_time_out_wait_bypass' of component 'xcvr_fmc216_sync_block' [c:/4dsp_test/527_vc707_fmc216/output/vc707_fmc216_vivado/Src/sip_fmc216_8lane/xcvr_fmc216/xcvr_fmc216/example_design/xcvr_fmc216_rx_startup_fsm.vhd:402]
INFO: [Synth 8-3491] module 'xcvr_fmc216_sync_block' declared at 'c:/4dsp_test/527_vc707_fmc216/output/vc707_fmc216_vivado/Src/sip_fmc216_8lane/xcvr_fmc216/xcvr_fmc216/example_design/xcvr_fmc216_sync_block.vhd:81' bound to instance 'sync_mmcm_lock_reclocked' of component 'xcvr_fmc216_sync_block' [c:/4dsp_test/527_vc707_fmc216/output/vc707_fmc216_vivado/Src/sip_fmc216_8lane/xcvr_fmc216/xcvr_fmc216/example_design/xcvr_fmc216_rx_startup_fsm.vhd:410]
INFO: [Synth 8-3491] module 'xcvr_fmc216_sync_block' declared at 'c:/4dsp_test/527_vc707_fmc216/output/vc707_fmc216_vivado/Src/sip_fmc216_8lane/xcvr_fmc216/xcvr_fmc216/example_design/xcvr_fmc216_sync_block.vhd:81' bound to instance 'sync_data_valid' of component 'xcvr_fmc216_sync_block' [c:/4dsp_test/527_vc707_fmc216/output/vc707_fmc216_vivado/Src/sip_fmc216_8lane/xcvr_fmc216/xcvr_fmc216/example_design/xcvr_fmc216_rx_startup_fsm.vhd:418]
INFO: [Synth 8-3491] module 'xcvr_fmc216_sync_block' declared at 'c:/4dsp_test/527_vc707_fmc216/output/vc707_fmc216_vivado/Src/sip_fmc216_8lane/xcvr_fmc216/xcvr_fmc216/example_design/xcvr_fmc216_sync_block.vhd:81' bound to instance 'sync_CPLLLOCK' of component 'xcvr_fmc216_sync_block' [c:/4dsp_test/527_vc707_fmc216/output/vc707_fmc216_vivado/Src/sip_fmc216_8lane/xcvr_fmc216/xcvr_fmc216/example_design/xcvr_fmc216_rx_startup_fsm.vhd:438]
INFO: [Synth 8-3491] module 'xcvr_fmc216_sync_block' declared at 'c:/4dsp_test/527_vc707_fmc216/output/vc707_fmc216_vivado/Src/sip_fmc216_8lane/xcvr_fmc216/xcvr_fmc216/example_design/xcvr_fmc216_sync_block.vhd:81' bound to instance 'sync_QPLLLOCK' of component 'xcvr_fmc216_sync_block' [c:/4dsp_test/527_vc707_fmc216/output/vc707_fmc216_vivado/Src/sip_fmc216_8lane/xcvr_fmc216/xcvr_fmc216/example_design/xcvr_fmc216_rx_startup_fsm.vhd:446]
WARNING: [Synth 8-6014] Unused sequential element time_out_500us_reg was removed.  [c:/4dsp_test/527_vc707_fmc216/output/vc707_fmc216_vivado/Src/sip_fmc216_8lane/xcvr_fmc216/xcvr_fmc216/example_design/xcvr_fmc216_rx_startup_fsm.vhd:314]
WARNING: [Synth 8-6014] Unused sequential element cplllock_prev_reg was removed.  [c:/4dsp_test/527_vc707_fmc216/output/vc707_fmc216_vivado/Src/sip_fmc216_8lane/xcvr_fmc216/xcvr_fmc216/example_design/xcvr_fmc216_rx_startup_fsm.vhd:433]
WARNING: [Synth 8-6014] Unused sequential element qplllock_prev_reg was removed.  [c:/4dsp_test/527_vc707_fmc216/output/vc707_fmc216_vivado/Src/sip_fmc216_8lane/xcvr_fmc216/xcvr_fmc216/example_design/xcvr_fmc216_rx_startup_fsm.vhd:434]
WARNING: [Synth 8-6014] Unused sequential element cplllock_ris_edge_reg was removed.  [c:/4dsp_test/527_vc707_fmc216/output/vc707_fmc216_vivado/Src/sip_fmc216_8lane/xcvr_fmc216/xcvr_fmc216/example_design/xcvr_fmc216_rx_startup_fsm.vhd:460]
WARNING: [Synth 8-6014] Unused sequential element qplllock_ris_edge_reg was removed.  [c:/4dsp_test/527_vc707_fmc216/output/vc707_fmc216_vivado/Src/sip_fmc216_8lane/xcvr_fmc216/xcvr_fmc216/example_design/xcvr_fmc216_rx_startup_fsm.vhd:475]
WARNING: [Synth 8-6014] Unused sequential element pll_reset_asserted_reg was removed.  [c:/4dsp_test/527_vc707_fmc216/output/vc707_fmc216_vivado/Src/sip_fmc216_8lane/xcvr_fmc216/xcvr_fmc216/example_design/xcvr_fmc216_rx_startup_fsm.vhd:550]
INFO: [Synth 8-256] done synthesizing module 'xcvr_fmc216_RX_STARTUP_FSM' (8#1) [c:/4dsp_test/527_vc707_fmc216/output/vc707_fmc216_vivado/Src/sip_fmc216_8lane/xcvr_fmc216/xcvr_fmc216/example_design/xcvr_fmc216_rx_startup_fsm.vhd:131]
	Parameter EXAMPLE_SIMULATION bound to: 0 - type: integer 
	Parameter EQ_MODE bound to: LPM - type: string 
	Parameter STABLE_CLOCK_PERIOD bound to: 8 - type: integer 
	Parameter RETRY_COUNTER_BITWIDTH bound to: 8 - type: integer 
	Parameter TX_QPLL_USED bound to: 1 - type: bool 
	Parameter RX_QPLL_USED bound to: 1 - type: bool 
	Parameter PHASE_ALIGNMENT_MANUAL bound to: 0 - type: bool 
INFO: [Synth 8-3491] module 'xcvr_fmc216_RX_STARTUP_FSM' declared at 'c:/4dsp_test/527_vc707_fmc216/output/vc707_fmc216_vivado/Src/sip_fmc216_8lane/xcvr_fmc216/xcvr_fmc216/example_design/xcvr_fmc216_rx_startup_fsm.vhd:76' bound to instance 'gt1_rxresetfsm_i' of component 'xcvr_fmc216_RX_STARTUP_FSM' [c:/4dsp_test/527_vc707_fmc216/output/vc707_fmc216_vivado/Src/sip_fmc216_8lane/xcvr_fmc216/xcvr_fmc216_init.vhd:2818]
	Parameter EXAMPLE_SIMULATION bound to: 0 - type: integer 
	Parameter EQ_MODE bound to: LPM - type: string 
	Parameter STABLE_CLOCK_PERIOD bound to: 8 - type: integer 
	Parameter RETRY_COUNTER_BITWIDTH bound to: 8 - type: integer 
	Parameter TX_QPLL_USED bound to: 1 - type: bool 
	Parameter RX_QPLL_USED bound to: 1 - type: bool 
	Parameter PHASE_ALIGNMENT_MANUAL bound to: 0 - type: bool 
INFO: [Synth 8-3491] module 'xcvr_fmc216_RX_STARTUP_FSM' declared at 'c:/4dsp_test/527_vc707_fmc216/output/vc707_fmc216_vivado/Src/sip_fmc216_8lane/xcvr_fmc216/xcvr_fmc216/example_design/xcvr_fmc216_rx_startup_fsm.vhd:76' bound to instance 'gt2_rxresetfsm_i' of component 'xcvr_fmc216_RX_STARTUP_FSM' [c:/4dsp_test/527_vc707_fmc216/output/vc707_fmc216_vivado/Src/sip_fmc216_8lane/xcvr_fmc216/xcvr_fmc216_init.vhd:2863]
	Parameter EXAMPLE_SIMULATION bound to: 0 - type: integer 
	Parameter EQ_MODE bound to: LPM - type: string 
	Parameter STABLE_CLOCK_PERIOD bound to: 8 - type: integer 
	Parameter RETRY_COUNTER_BITWIDTH bound to: 8 - type: integer 
	Parameter TX_QPLL_USED bound to: 1 - type: bool 
	Parameter RX_QPLL_USED bound to: 1 - type: bool 
	Parameter PHASE_ALIGNMENT_MANUAL bound to: 0 - type: bool 
INFO: [Synth 8-3491] module 'xcvr_fmc216_RX_STARTUP_FSM' declared at 'c:/4dsp_test/527_vc707_fmc216/output/vc707_fmc216_vivado/Src/sip_fmc216_8lane/xcvr_fmc216/xcvr_fmc216/example_design/xcvr_fmc216_rx_startup_fsm.vhd:76' bound to instance 'gt3_rxresetfsm_i' of component 'xcvr_fmc216_RX_STARTUP_FSM' [c:/4dsp_test/527_vc707_fmc216/output/vc707_fmc216_vivado/Src/sip_fmc216_8lane/xcvr_fmc216/xcvr_fmc216_init.vhd:2908]
	Parameter EXAMPLE_SIMULATION bound to: 0 - type: integer 
	Parameter EQ_MODE bound to: LPM - type: string 
	Parameter STABLE_CLOCK_PERIOD bound to: 8 - type: integer 
	Parameter RETRY_COUNTER_BITWIDTH bound to: 8 - type: integer 
	Parameter TX_QPLL_USED bound to: 1 - type: bool 
	Parameter RX_QPLL_USED bound to: 1 - type: bool 
	Parameter PHASE_ALIGNMENT_MANUAL bound to: 0 - type: bool 
INFO: [Synth 8-3491] module 'xcvr_fmc216_RX_STARTUP_FSM' declared at 'c:/4dsp_test/527_vc707_fmc216/output/vc707_fmc216_vivado/Src/sip_fmc216_8lane/xcvr_fmc216/xcvr_fmc216/example_design/xcvr_fmc216_rx_startup_fsm.vhd:76' bound to instance 'gt4_rxresetfsm_i' of component 'xcvr_fmc216_RX_STARTUP_FSM' [c:/4dsp_test/527_vc707_fmc216/output/vc707_fmc216_vivado/Src/sip_fmc216_8lane/xcvr_fmc216/xcvr_fmc216_init.vhd:2953]
	Parameter EXAMPLE_SIMULATION bound to: 0 - type: integer 
	Parameter EQ_MODE bound to: LPM - type: string 
	Parameter STABLE_CLOCK_PERIOD bound to: 8 - type: integer 
	Parameter RETRY_COUNTER_BITWIDTH bound to: 8 - type: integer 
	Parameter TX_QPLL_USED bound to: 1 - type: bool 
	Parameter RX_QPLL_USED bound to: 1 - type: bool 
	Parameter PHASE_ALIGNMENT_MANUAL bound to: 0 - type: bool 
INFO: [Synth 8-3491] module 'xcvr_fmc216_RX_STARTUP_FSM' declared at 'c:/4dsp_test/527_vc707_fmc216/output/vc707_fmc216_vivado/Src/sip_fmc216_8lane/xcvr_fmc216/xcvr_fmc216/example_design/xcvr_fmc216_rx_startup_fsm.vhd:76' bound to instance 'gt5_rxresetfsm_i' of component 'xcvr_fmc216_RX_STARTUP_FSM' [c:/4dsp_test/527_vc707_fmc216/output/vc707_fmc216_vivado/Src/sip_fmc216_8lane/xcvr_fmc216/xcvr_fmc216_init.vhd:2998]
	Parameter EXAMPLE_SIMULATION bound to: 0 - type: integer 
	Parameter EQ_MODE bound to: LPM - type: string 
	Parameter STABLE_CLOCK_PERIOD bound to: 8 - type: integer 
	Parameter RETRY_COUNTER_BITWIDTH bound to: 8 - type: integer 
	Parameter TX_QPLL_USED bound to: 1 - type: bool 
	Parameter RX_QPLL_USED bound to: 1 - type: bool 
	Parameter PHASE_ALIGNMENT_MANUAL bound to: 0 - type: bool 
INFO: [Synth 8-3491] module 'xcvr_fmc216_RX_STARTUP_FSM' declared at 'c:/4dsp_test/527_vc707_fmc216/output/vc707_fmc216_vivado/Src/sip_fmc216_8lane/xcvr_fmc216/xcvr_fmc216/example_design/xcvr_fmc216_rx_startup_fsm.vhd:76' bound to instance 'gt6_rxresetfsm_i' of component 'xcvr_fmc216_RX_STARTUP_FSM' [c:/4dsp_test/527_vc707_fmc216/output/vc707_fmc216_vivado/Src/sip_fmc216_8lane/xcvr_fmc216/xcvr_fmc216_init.vhd:3043]
	Parameter EXAMPLE_SIMULATION bound to: 0 - type: integer 
	Parameter EQ_MODE bound to: LPM - type: string 
	Parameter STABLE_CLOCK_PERIOD bound to: 8 - type: integer 
	Parameter RETRY_COUNTER_BITWIDTH bound to: 8 - type: integer 
	Parameter TX_QPLL_USED bound to: 1 - type: bool 
	Parameter RX_QPLL_USED bound to: 1 - type: bool 
	Parameter PHASE_ALIGNMENT_MANUAL bound to: 0 - type: bool 
INFO: [Synth 8-3491] module 'xcvr_fmc216_RX_STARTUP_FSM' declared at 'c:/4dsp_test/527_vc707_fmc216/output/vc707_fmc216_vivado/Src/sip_fmc216_8lane/xcvr_fmc216/xcvr_fmc216/example_design/xcvr_fmc216_rx_startup_fsm.vhd:76' bound to instance 'gt7_rxresetfsm_i' of component 'xcvr_fmc216_RX_STARTUP_FSM' [c:/4dsp_test/527_vc707_fmc216/output/vc707_fmc216_vivado/Src/sip_fmc216_8lane/xcvr_fmc216/xcvr_fmc216_init.vhd:3088]
INFO: [Synth 8-256] done synthesizing module 'xcvr_fmc216_init' (9#1) [c:/4dsp_test/527_vc707_fmc216/output/vc707_fmc216_vivado/Src/sip_fmc216_8lane/xcvr_fmc216/xcvr_fmc216_init.vhd:704]
WARNING: [Synth 8-3848] Net gt0_gtgrefclk_common_i in module/entity xcvr_fmc216_support does not have driver. [c:/4dsp_test/527_vc707_fmc216/output/vc707_fmc216_vivado/Src/sip_fmc216_8lane/xcvr_fmc216/xcvr_fmc216_support.vhd:2154]
WARNING: [Synth 8-3848] Net gt0_gtnorthrefclk0_common_i in module/entity xcvr_fmc216_support does not have driver. [c:/4dsp_test/527_vc707_fmc216/output/vc707_fmc216_vivado/Src/sip_fmc216_8lane/xcvr_fmc216/xcvr_fmc216_support.vhd:2155]
WARNING: [Synth 8-3848] Net gt0_gtnorthrefclk1_common_i in module/entity xcvr_fmc216_support does not have driver. [c:/4dsp_test/527_vc707_fmc216/output/vc707_fmc216_vivado/Src/sip_fmc216_8lane/xcvr_fmc216/xcvr_fmc216_support.vhd:2156]
WARNING: [Synth 8-3848] Net gt0_gtsouthrefclk0_common_i in module/entity xcvr_fmc216_support does not have driver. [c:/4dsp_test/527_vc707_fmc216/output/vc707_fmc216_vivado/Src/sip_fmc216_8lane/xcvr_fmc216/xcvr_fmc216_support.vhd:2158]
WARNING: [Synth 8-3848] Net gt0_gtsouthrefclk1_common_i in module/entity xcvr_fmc216_support does not have driver. [c:/4dsp_test/527_vc707_fmc216/output/vc707_fmc216_vivado/Src/sip_fmc216_8lane/xcvr_fmc216/xcvr_fmc216_support.vhd:2159]
WARNING: [Synth 8-3848] Net gt1_gtgrefclk_common_i in module/entity xcvr_fmc216_support does not have driver. [c:/4dsp_test/527_vc707_fmc216/output/vc707_fmc216_vivado/Src/sip_fmc216_8lane/xcvr_fmc216/xcvr_fmc216_support.vhd:2160]
WARNING: [Synth 8-3848] Net gt1_gtnorthrefclk0_common_i in module/entity xcvr_fmc216_support does not have driver. [c:/4dsp_test/527_vc707_fmc216/output/vc707_fmc216_vivado/Src/sip_fmc216_8lane/xcvr_fmc216/xcvr_fmc216_support.vhd:2161]
WARNING: [Synth 8-3848] Net gt1_gtnorthrefclk1_common_i in module/entity xcvr_fmc216_support does not have driver. [c:/4dsp_test/527_vc707_fmc216/output/vc707_fmc216_vivado/Src/sip_fmc216_8lane/xcvr_fmc216/xcvr_fmc216_support.vhd:2162]
WARNING: [Synth 8-3848] Net gt1_gtsouthrefclk0_common_i in module/entity xcvr_fmc216_support does not have driver. [c:/4dsp_test/527_vc707_fmc216/output/vc707_fmc216_vivado/Src/sip_fmc216_8lane/xcvr_fmc216/xcvr_fmc216_support.vhd:2164]
WARNING: [Synth 8-3848] Net gt1_gtsouthrefclk1_common_i in module/entity xcvr_fmc216_support does not have driver. [c:/4dsp_test/527_vc707_fmc216/output/vc707_fmc216_vivado/Src/sip_fmc216_8lane/xcvr_fmc216/xcvr_fmc216_support.vhd:2165]
INFO: [Synth 8-256] done synthesizing module 'xcvr_fmc216_support' (10#1) [c:/4dsp_test/527_vc707_fmc216/output/vc707_fmc216_vivado/Src/sip_fmc216_8lane/xcvr_fmc216/xcvr_fmc216_support.vhd:675]
INFO: [Synth 8-256] done synthesizing module 'xcvr_fmc216' (11#1) [c:/4dsp_test/527_vc707_fmc216/output/vc707_fmc216_vivado/Src/sip_fmc216_8lane/xcvr_fmc216/xcvr_fmc216.vhd:667]
WARNING: [Synth 8-7129] Port QPLLREFCLKLOST in module xcvr_fmc216_RX_STARTUP_FSM is either unconnected or has no load
WARNING: [Synth 8-7129] Port CPLLREFCLKLOST in module xcvr_fmc216_RX_STARTUP_FSM is either unconnected or has no load
WARNING: [Synth 8-7129] Port CPLLREFCLKLOST in module xcvr_fmc216_TX_STARTUP_FSM is either unconnected or has no load
WARNING: [Synth 8-7129] Port gt0_rxuserrdy_in in module xcvr_fmc216_init is either unconnected or has no load
WARNING: [Synth 8-7129] Port gt0_gtrxreset_in in module xcvr_fmc216_init is either unconnected or has no load
WARNING: [Synth 8-7129] Port gt0_gttxreset_in in module xcvr_fmc216_init is either unconnected or has no load
WARNING: [Synth 8-7129] Port gt0_txuserrdy_in in module xcvr_fmc216_init is either unconnected or has no load
WARNING: [Synth 8-7129] Port gt1_rxuserrdy_in in module xcvr_fmc216_init is either unconnected or has no load
WARNING: [Synth 8-7129] Port gt1_gtrxreset_in in module xcvr_fmc216_init is either unconnected or has no load
WARNING: [Synth 8-7129] Port gt1_gttxreset_in in module xcvr_fmc216_init is either unconnected or has no load
WARNING: [Synth 8-7129] Port gt1_txuserrdy_in in module xcvr_fmc216_init is either unconnected or has no load
WARNING: [Synth 8-7129] Port gt2_rxuserrdy_in in module xcvr_fmc216_init is either unconnected or has no load
WARNING: [Synth 8-7129] Port gt2_gtrxreset_in in module xcvr_fmc216_init is either unconnected or has no load
WARNING: [Synth 8-7129] Port gt2_gttxreset_in in module xcvr_fmc216_init is either unconnected or has no load
WARNING: [Synth 8-7129] Port gt2_txuserrdy_in in module xcvr_fmc216_init is either unconnected or has no load
WARNING: [Synth 8-7129] Port gt3_rxuserrdy_in in module xcvr_fmc216_init is either unconnected or has no load
WARNING: [Synth 8-7129] Port gt3_gtrxreset_in in module xcvr_fmc216_init is either unconnected or has no load
WARNING: [Synth 8-7129] Port gt3_gttxreset_in in module xcvr_fmc216_init is either unconnected or has no load
WARNING: [Synth 8-7129] Port gt3_txuserrdy_in in module xcvr_fmc216_init is either unconnected or has no load
WARNING: [Synth 8-7129] Port gt4_rxuserrdy_in in module xcvr_fmc216_init is either unconnected or has no load
WARNING: [Synth 8-7129] Port gt4_gtrxreset_in in module xcvr_fmc216_init is either unconnected or has no load
WARNING: [Synth 8-7129] Port gt4_gttxreset_in in module xcvr_fmc216_init is either unconnected or has no load
WARNING: [Synth 8-7129] Port gt4_txuserrdy_in in module xcvr_fmc216_init is either unconnected or has no load
WARNING: [Synth 8-7129] Port gt5_rxuserrdy_in in module xcvr_fmc216_init is either unconnected or has no load
WARNING: [Synth 8-7129] Port gt5_gtrxreset_in in module xcvr_fmc216_init is either unconnected or has no load
WARNING: [Synth 8-7129] Port gt5_gttxreset_in in module xcvr_fmc216_init is either unconnected or has no load
WARNING: [Synth 8-7129] Port gt5_txuserrdy_in in module xcvr_fmc216_init is either unconnected or has no load
WARNING: [Synth 8-7129] Port gt6_rxuserrdy_in in module xcvr_fmc216_init is either unconnected or has no load
WARNING: [Synth 8-7129] Port gt6_gtrxreset_in in module xcvr_fmc216_init is either unconnected or has no load
WARNING: [Synth 8-7129] Port gt6_gttxreset_in in module xcvr_fmc216_init is either unconnected or has no load
WARNING: [Synth 8-7129] Port gt6_txuserrdy_in in module xcvr_fmc216_init is either unconnected or has no load
WARNING: [Synth 8-7129] Port gt7_rxuserrdy_in in module xcvr_fmc216_init is either unconnected or has no load
WARNING: [Synth 8-7129] Port gt7_gtrxreset_in in module xcvr_fmc216_init is either unconnected or has no load
WARNING: [Synth 8-7129] Port gt7_gttxreset_in in module xcvr_fmc216_init is either unconnected or has no load
WARNING: [Synth 8-7129] Port gt7_txuserrdy_in in module xcvr_fmc216_init is either unconnected or has no load
WARNING: [Synth 8-7129] Port GT1_TXOUTCLK_IN in module xcvr_fmc216_GT_USRCLK_SOURCE is either unconnected or has no load
WARNING: [Synth 8-7129] Port GT2_TXOUTCLK_IN in module xcvr_fmc216_GT_USRCLK_SOURCE is either unconnected or has no load
WARNING: [Synth 8-7129] Port GT3_TXOUTCLK_IN in module xcvr_fmc216_GT_USRCLK_SOURCE is either unconnected or has no load
WARNING: [Synth 8-7129] Port GT4_TXOUTCLK_IN in module xcvr_fmc216_GT_USRCLK_SOURCE is either unconnected or has no load
WARNING: [Synth 8-7129] Port GT5_TXOUTCLK_IN in module xcvr_fmc216_GT_USRCLK_SOURCE is either unconnected or has no load
WARNING: [Synth 8-7129] Port GT6_TXOUTCLK_IN in module xcvr_fmc216_GT_USRCLK_SOURCE is either unconnected or has no load
WARNING: [Synth 8-7129] Port GT7_TXOUTCLK_IN in module xcvr_fmc216_GT_USRCLK_SOURCE is either unconnected or has no load
---------------------------------------------------------------------------------
Finished RTL Elaboration : Time (s): cpu = 00:00:11 ; elapsed = 00:00:11 . Memory (MB): peak = 1318.484 ; gain = 71.926
---------------------------------------------------------------------------------
---------------------------------------------------------------------------------
Start Handling Custom Attributes
---------------------------------------------------------------------------------
---------------------------------------------------------------------------------
Finished Handling Custom Attributes : Time (s): cpu = 00:00:12 ; elapsed = 00:00:12 . Memory (MB): peak = 1318.484 ; gain = 71.926
---------------------------------------------------------------------------------
---------------------------------------------------------------------------------
Finished RTL Optimization Phase 1 : Time (s): cpu = 00:00:12 ; elapsed = 00:00:12 . Memory (MB): peak = 1318.484 ; gain = 71.926
---------------------------------------------------------------------------------
Netlist sorting complete. Time (s): cpu = 00:00:00 ; elapsed = 00:00:00.115 . Memory (MB): peak = 1318.484 ; gain = 0.000
INFO: [Netlist 29-17] Analyzing 720 Unisim elements for replacement
INFO: [Netlist 29-28] Unisim Transformation completed in 0 CPU seconds
INFO: [Project 1-570] Preparing netlist for logic optimization

Processing XDC Constraints
Initializing timing engine
Parsing XDC File [C:/4dsp_test/527_vc707_fmc216/output/vc707_fmc216_vivado/vivado/vc707_fmc216_vivado.runs/xcvr_fmc216_synth_1/dont_touch.xdc]
Finished Parsing XDC File [C:/4dsp_test/527_vc707_fmc216/output/vc707_fmc216_vivado/vivado/vc707_fmc216_vivado.runs/xcvr_fmc216_synth_1/dont_touch.xdc]
Completed Processing XDC Constraints

Netlist sorting complete. Time (s): cpu = 00:00:00 ; elapsed = 00:00:00.002 . Memory (MB): peak = 1428.145 ; gain = 0.000
INFO: [Project 1-111] Unisim Transformation Summary:
  A total of 720 instances were transformed.
  FD => FDRE: 720 instances

Constraint Validation Runtime : Time (s): cpu = 00:00:00 ; elapsed = 00:00:00.414 . Memory (MB): peak = 1428.316 ; gain = 0.172
---------------------------------------------------------------------------------
Finished Constraint Validation : Time (s): cpu = 00:00:22 ; elapsed = 00:00:23 . Memory (MB): peak = 1428.316 ; gain = 181.758
---------------------------------------------------------------------------------
---------------------------------------------------------------------------------
Start Loading Part and Timing Information
---------------------------------------------------------------------------------
Loading part: xc7vx485tffg1761-2
---------------------------------------------------------------------------------
Finished Loading Part and Timing Information : Time (s): cpu = 00:00:22 ; elapsed = 00:00:23 . Memory (MB): peak = 1428.316 ; gain = 181.758
---------------------------------------------------------------------------------
---------------------------------------------------------------------------------
Start Applying 'set_property' XDC Constraints
---------------------------------------------------------------------------------
Applied set_property KEEP_HIERARCHY = SOFT for U0. (constraint file  C:/4dsp_test/527_vc707_fmc216/output/vc707_fmc216_vivado/vivado/vc707_fmc216_vivado.runs/xcvr_fmc216_synth_1/dont_touch.xdc, line 9).
---------------------------------------------------------------------------------
Finished applying 'set_property' XDC Constraints : Time (s): cpu = 00:00:22 ; elapsed = 00:00:23 . Memory (MB): peak = 1428.316 ; gain = 181.758
---------------------------------------------------------------------------------
INFO: [Synth 8-802] inferred FSM for state register 'tx_state_reg' in module 'xcvr_fmc216_TX_STARTUP_FSM'
INFO: [Synth 8-802] inferred FSM for state register 'rx_state_reg' in module 'xcvr_fmc216_RX_STARTUP_FSM'
---------------------------------------------------------------------------------------------------
                   State |                     New Encoding |                Previous Encoding 
---------------------------------------------------------------------------------------------------
                    init |                             0000 |                             0000
       assert_all_resets |                             0001 |                             0001
       wait_for_pll_lock |                             0010 |                             0010
       release_pll_reset |                             0011 |                             0011
       wait_for_txoutclk |                             0100 |                             0100
      release_mmcm_reset |                             0101 |                             0101
       wait_for_txusrclk |                             0110 |                             0110
         wait_reset_done |                             0111 |                             0111
      do_phase_alignment |                             1000 |                             1000
          reset_fsm_done |                             1001 |                             1001
---------------------------------------------------------------------------------------------------
INFO: [Synth 8-3354] encoded FSM with state register 'tx_state_reg' using encoding 'sequential' in module 'xcvr_fmc216_TX_STARTUP_FSM'
---------------------------------------------------------------------------------------------------
                   State |                     New Encoding |                Previous Encoding 
---------------------------------------------------------------------------------------------------
                    init |                             0000 |                             0000
       assert_all_resets |                             0001 |                             0001
       wait_for_pll_lock |                             0010 |                             0010
       release_pll_reset |                             0011 |                             0011
    verify_recclk_stable |                             0100 |                             0100
      release_mmcm_reset |                             0101 |                             0101
       wait_for_rxusrclk |                             0110 |                             0110
         wait_reset_done |                             0111 |                             0111
      do_phase_alignment |                             1000 |                             1000
      monitor_data_valid |                             1001 |                             1001
                fsm_done |                             1010 |                             1010
---------------------------------------------------------------------------------------------------
INFO: [Synth 8-3354] encoded FSM with state register 'rx_state_reg' using encoding 'sequential' in module 'xcvr_fmc216_RX_STARTUP_FSM'
---------------------------------------------------------------------------------
Finished RTL Optimization Phase 2 : Time (s): cpu = 00:00:24 ; elapsed = 00:00:24 . Memory (MB): peak = 1428.316 ; gain = 181.758
---------------------------------------------------------------------------------
---------------------------------------------------------------------------------
Start RTL Component Statistics 
---------------------------------------------------------------------------------
Detailed RTL Component Info : 
+---Adders : 
	   2 Input   11 Bit       Adders := 8     
	   2 Input    8 Bit       Adders := 33    
	   2 Input    7 Bit       Adders := 32    
	   2 Input    2 Bit       Adders := 8     
+---Registers : 
	               11 Bit    Registers := 8     
	                8 Bit    Registers := 33    
	                7 Bit    Registers := 32    
	                2 Bit    Registers := 8     
	                1 Bit    Registers := 356   
+---Muxes : 
	   2 Input    8 Bit        Muxes := 16    
	  10 Input    4 Bit        Muxes := 8     
	   2 Input    4 Bit        Muxes := 80    
	  11 Input    4 Bit        Muxes := 8     
	   2 Input    2 Bit        Muxes := 8     
	   2 Input    1 Bit        Muxes := 194   
	  10 Input    1 Bit        Muxes := 136   
	  11 Input    1 Bit        Muxes := 152   
---------------------------------------------------------------------------------
Finished RTL Component Statistics 
---------------------------------------------------------------------------------
---------------------------------------------------------------------------------
Start Part Resource Summary
---------------------------------------------------------------------------------
Part Resources:
DSPs: 2800 (col length:140)
BRAMs: 2060 (col length: RAMB18 140 RAMB36 70)
---------------------------------------------------------------------------------
Finished Part Resource Summary
---------------------------------------------------------------------------------
---------------------------------------------------------------------------------
Start Cross Boundary and Area Optimization
---------------------------------------------------------------------------------
WARNING: [Synth 8-7080] Parallel synthesis criteria is not met
WARNING: [Synth 8-7129] Port QPLLREFCLKLOST in module xcvr_fmc216_RX_STARTUP_FSM is either unconnected or has no load
WARNING: [Synth 8-7129] Port CPLLREFCLKLOST in module xcvr_fmc216_RX_STARTUP_FSM is either unconnected or has no load
WARNING: [Synth 8-7129] Port CPLLREFCLKLOST in module xcvr_fmc216_TX_STARTUP_FSM is either unconnected or has no load
WARNING: [Synth 8-7129] Port gt0_rxuserrdy_in in module xcvr_fmc216_init is either unconnected or has no load
WARNING: [Synth 8-7129] Port gt0_gtrxreset_in in module xcvr_fmc216_init is either unconnected or has no load
WARNING: [Synth 8-7129] Port gt0_gttxreset_in in module xcvr_fmc216_init is either unconnected or has no load
WARNING: [Synth 8-7129] Port gt0_txuserrdy_in in module xcvr_fmc216_init is either unconnected or has no load
WARNING: [Synth 8-7129] Port gt1_rxuserrdy_in in module xcvr_fmc216_init is either unconnected or has no load
WARNING: [Synth 8-7129] Port gt1_gtrxreset_in in module xcvr_fmc216_init is either unconnected or has no load
WARNING: [Synth 8-7129] Port gt1_gttxreset_in in module xcvr_fmc216_init is either unconnected or has no load
WARNING: [Synth 8-7129] Port gt1_txuserrdy_in in module xcvr_fmc216_init is either unconnected or has no load
WARNING: [Synth 8-7129] Port gt2_rxuserrdy_in in module xcvr_fmc216_init is either unconnected or has no load
WARNING: [Synth 8-7129] Port gt2_gtrxreset_in in module xcvr_fmc216_init is either unconnected or has no load
WARNING: [Synth 8-7129] Port gt2_gttxreset_in in module xcvr_fmc216_init is either unconnected or has no load
WARNING: [Synth 8-7129] Port gt2_txuserrdy_in in module xcvr_fmc216_init is either unconnected or has no load
WARNING: [Synth 8-7129] Port gt3_rxuserrdy_in in module xcvr_fmc216_init is either unconnected or has no load
WARNING: [Synth 8-7129] Port gt3_gtrxreset_in in module xcvr_fmc216_init is either unconnected or has no load
WARNING: [Synth 8-7129] Port gt3_gttxreset_in in module xcvr_fmc216_init is either unconnected or has no load
WARNING: [Synth 8-7129] Port gt3_txuserrdy_in in module xcvr_fmc216_init is either unconnected or has no load
WARNING: [Synth 8-7129] Port gt4_rxuserrdy_in in module xcvr_fmc216_init is either unconnected or has no load
WARNING: [Synth 8-7129] Port gt4_gtrxreset_in in module xcvr_fmc216_init is either unconnected or has no load
WARNING: [Synth 8-7129] Port gt4_gttxreset_in in module xcvr_fmc216_init is either unconnected or has no load
WARNING: [Synth 8-7129] Port gt4_txuserrdy_in in module xcvr_fmc216_init is either unconnected or has no load
WARNING: [Synth 8-7129] Port gt5_rxuserrdy_in in module xcvr_fmc216_init is either unconnected or has no load
WARNING: [Synth 8-7129] Port gt5_gtrxreset_in in module xcvr_fmc216_init is either unconnected or has no load
WARNING: [Synth 8-7129] Port gt5_gttxreset_in in module xcvr_fmc216_init is either unconnected or has no load
WARNING: [Synth 8-7129] Port gt5_txuserrdy_in in module xcvr_fmc216_init is either unconnected or has no load
WARNING: [Synth 8-7129] Port gt6_rxuserrdy_in in module xcvr_fmc216_init is either unconnected or has no load
WARNING: [Synth 8-7129] Port gt6_gtrxreset_in in module xcvr_fmc216_init is either unconnected or has no load
WARNING: [Synth 8-7129] Port gt6_gttxreset_in in module xcvr_fmc216_init is either unconnected or has no load
WARNING: [Synth 8-7129] Port gt6_txuserrdy_in in module xcvr_fmc216_init is either unconnected or has no load
WARNING: [Synth 8-7129] Port gt7_rxuserrdy_in in module xcvr_fmc216_init is either unconnected or has no load
WARNING: [Synth 8-7129] Port gt7_gtrxreset_in in module xcvr_fmc216_init is either unconnected or has no load
WARNING: [Synth 8-7129] Port gt7_gttxreset_in in module xcvr_fmc216_init is either unconnected or has no load
WARNING: [Synth 8-7129] Port gt7_txuserrdy_in in module xcvr_fmc216_init is either unconnected or has no load
WARNING: [Synth 8-3332] Sequential element (sync_CPLLLOCK/data_sync_reg1) is unused and will be removed from module xcvr_fmc216_TX_STARTUP_FSM.
WARNING: [Synth 8-3332] Sequential element (sync_CPLLLOCK/data_sync_reg2) is unused and will be removed from module xcvr_fmc216_TX_STARTUP_FSM.
WARNING: [Synth 8-3332] Sequential element (sync_CPLLLOCK/data_sync_reg3) is unused and will be removed from module xcvr_fmc216_TX_STARTUP_FSM.
WARNING: [Synth 8-3332] Sequential element (sync_CPLLLOCK/data_sync_reg4) is unused and will be removed from module xcvr_fmc216_TX_STARTUP_FSM.
WARNING: [Synth 8-3332] Sequential element (sync_CPLLLOCK/data_sync_reg5) is unused and will be removed from module xcvr_fmc216_TX_STARTUP_FSM.
WARNING: [Synth 8-3332] Sequential element (sync_CPLLLOCK/data_sync_reg6) is unused and will be removed from module xcvr_fmc216_TX_STARTUP_FSM.
WARNING: [Synth 8-3332] Sequential element (sync_CPLLLOCK/data_sync_reg1) is unused and will be removed from module xcvr_fmc216_RX_STARTUP_FSM.
WARNING: [Synth 8-3332] Sequential element (sync_CPLLLOCK/data_sync_reg2) is unused and will be removed from module xcvr_fmc216_RX_STARTUP_FSM.
WARNING: [Synth 8-3332] Sequential element (sync_CPLLLOCK/data_sync_reg3) is unused and will be removed from module xcvr_fmc216_RX_STARTUP_FSM.
WARNING: [Synth 8-3332] Sequential element (sync_CPLLLOCK/data_sync_reg4) is unused and will be removed from module xcvr_fmc216_RX_STARTUP_FSM.
WARNING: [Synth 8-3332] Sequential element (sync_CPLLLOCK/data_sync_reg5) is unused and will be removed from module xcvr_fmc216_RX_STARTUP_FSM.
WARNING: [Synth 8-3332] Sequential element (sync_CPLLLOCK/data_sync_reg6) is unused and will be removed from module xcvr_fmc216_RX_STARTUP_FSM.
---------------------------------------------------------------------------------
Finished Cross Boundary and Area Optimization : Time (s): cpu = 00:00:32 ; elapsed = 00:00:33 . Memory (MB): peak = 1428.316 ; gain = 181.758
---------------------------------------------------------------------------------
---------------------------------------------------------------------------------
Start Applying XDC Timing Constraints
---------------------------------------------------------------------------------
---------------------------------------------------------------------------------
Finished Applying XDC Timing Constraints : Time (s): cpu = 00:00:40 ; elapsed = 00:00:42 . Memory (MB): peak = 1428.316 ; gain = 181.758
---------------------------------------------------------------------------------
---------------------------------------------------------------------------------
Start Timing Optimization
---------------------------------------------------------------------------------
---------------------------------------------------------------------------------
Finished Timing Optimization : Time (s): cpu = 00:00:41 ; elapsed = 00:00:42 . Memory (MB): peak = 1428.316 ; gain = 181.758
---------------------------------------------------------------------------------
---------------------------------------------------------------------------------
Start Technology Mapping
---------------------------------------------------------------------------------
---------------------------------------------------------------------------------
Finished Technology Mapping : Time (s): cpu = 00:00:42 ; elapsed = 00:00:43 . Memory (MB): peak = 1428.316 ; gain = 181.758
---------------------------------------------------------------------------------
---------------------------------------------------------------------------------
Start IO Insertion
---------------------------------------------------------------------------------
---------------------------------------------------------------------------------
Start Flattening Before IO Insertion
---------------------------------------------------------------------------------
---------------------------------------------------------------------------------
Finished Flattening Before IO Insertion
---------------------------------------------------------------------------------
---------------------------------------------------------------------------------
Start Final Netlist Cleanup
---------------------------------------------------------------------------------
---------------------------------------------------------------------------------
Finished Final Netlist Cleanup
---------------------------------------------------------------------------------
---------------------------------------------------------------------------------
Finished IO Insertion : Time (s): cpu = 00:00:47 ; elapsed = 00:00:48 . Memory (MB): peak = 1428.414 ; gain = 181.855
---------------------------------------------------------------------------------
---------------------------------------------------------------------------------
Start Renaming Generated Instances
---------------------------------------------------------------------------------
---------------------------------------------------------------------------------
Finished Renaming Generated Instances : Time (s): cpu = 00:00:47 ; elapsed = 00:00:48 . Memory (MB): peak = 1428.414 ; gain = 181.855
---------------------------------------------------------------------------------
---------------------------------------------------------------------------------
Start Rebuilding User Hierarchy
---------------------------------------------------------------------------------
---------------------------------------------------------------------------------
Finished Rebuilding User Hierarchy : Time (s): cpu = 00:00:47 ; elapsed = 00:00:49 . Memory (MB): peak = 1428.414 ; gain = 181.855
---------------------------------------------------------------------------------
---------------------------------------------------------------------------------
Start Renaming Generated Ports
---------------------------------------------------------------------------------
---------------------------------------------------------------------------------
Finished Renaming Generated Ports : Time (s): cpu = 00:00:47 ; elapsed = 00:00:49 . Memory (MB): peak = 1428.414 ; gain = 181.855
---------------------------------------------------------------------------------
---------------------------------------------------------------------------------
Start Handling Custom Attributes
---------------------------------------------------------------------------------
---------------------------------------------------------------------------------
Finished Handling Custom Attributes : Time (s): cpu = 00:00:47 ; elapsed = 00:00:49 . Memory (MB): peak = 1428.414 ; gain = 181.855
---------------------------------------------------------------------------------
---------------------------------------------------------------------------------
Start Renaming Generated Nets
---------------------------------------------------------------------------------
---------------------------------------------------------------------------------
Finished Renaming Generated Nets : Time (s): cpu = 00:00:47 ; elapsed = 00:00:49 . Memory (MB): peak = 1428.414 ; gain = 181.855
---------------------------------------------------------------------------------
---------------------------------------------------------------------------------
Start Writing Synthesis Report
---------------------------------------------------------------------------------

Report BlackBoxes: 
+-+--------------+----------+
| |BlackBox name |Instances |
+-+--------------+----------+
+-+--------------+----------+

Report Cell Usage: 
+------+--------------+------+
|      |Cell          |Count |
+------+--------------+------+
|1     |BUFG          |     1|
|2     |CARRY4        |   176|
|3     |GTXE2_CHANNEL |     8|
|4     |GTXE2_COMMON  |     2|
|5     |IBUFDS_GTE2   |     1|
|6     |LUT1          |   121|
|7     |LUT2          |   350|
|8     |LUT3          |   187|
|9     |LUT4          |   218|
|10    |LUT5          |   266|
|11    |LUT6          |   469|
|12    |FD            |   624|
|13    |FDCE          |   128|
|14    |FDRE          |  1134|
|15    |FDSE          |    56|
+------+--------------+------+
---------------------------------------------------------------------------------
Finished Writing Synthesis Report : Time (s): cpu = 00:00:47 ; elapsed = 00:00:49 . Memory (MB): peak = 1428.414 ; gain = 181.855
---------------------------------------------------------------------------------
Synthesis finished with 0 errors, 0 critical warnings and 48 warnings.
Synthesis Optimization Runtime : Time (s): cpu = 00:00:31 ; elapsed = 00:00:44 . Memory (MB): peak = 1428.414 ; gain = 72.023
Synthesis Optimization Complete : Time (s): cpu = 00:00:48 ; elapsed = 00:00:49 . Memory (MB): peak = 1428.414 ; gain = 181.855
INFO: [Project 1-571] Translating synthesized netlist
Netlist sorting complete. Time (s): cpu = 00:00:00 ; elapsed = 00:00:00.109 . Memory (MB): peak = 1428.414 ; gain = 0.000
INFO: [Netlist 29-17] Analyzing 800 Unisim elements for replacement
INFO: [Netlist 29-28] Unisim Transformation completed in 0 CPU seconds
INFO: [Project 1-570] Preparing netlist for logic optimization
INFO: [Opt 31-138] Pushed 0 inverter(s) to 0 load pin(s).
Netlist sorting complete. Time (s): cpu = 00:00:00 ; elapsed = 00:00:00.001 . Memory (MB): peak = 1454.609 ; gain = 0.000
INFO: [Project 1-111] Unisim Transformation Summary:
  A total of 624 instances were transformed.
  FD => FDRE: 624 instances

Synth Design complete, checksum: a84bf800
INFO: [Common 17-83] Releasing license: Synthesis
100 Infos, 110 Warnings, 0 Critical Warnings and 0 Errors encountered.
synth_design completed successfully
synth_design: Time (s): cpu = 00:00:58 ; elapsed = 00:01:03 . Memory (MB): peak = 1454.609 ; gain = 208.051
INFO: [Common 17-1381] The checkpoint 'C:/4dsp_test/527_vc707_fmc216/output/vc707_fmc216_vivado/vivado/vc707_fmc216_vivado.runs/xcvr_fmc216_synth_1/xcvr_fmc216.dcp' has been generated.
INFO: [runtcl-4] Executing : report_utilization -file xcvr_fmc216_utilization_synth.rpt -pb xcvr_fmc216_utilization_synth.pb
INFO: [Common 17-206] Exiting Vivado at Tue Jul 18 14:46:14 2023...
